TN:
SF:/usr/include/x86_64-linux-gnu/qt5/QtCore/qarraydata.h
FN:236,_ZN15QTypedArrayDataItE10deallocateEP10QArrayData
FNDA:0,_ZN15QTypedArrayDataItE10deallocateEP10QArrayData
DA:236,0
DA:239,0
DA:240,0
end_of_record
SF:/usr/include/c++/9/bits/atomic_base.h
FN:99,_ZStanSt12memory_orderSt23__memory_order_modifier
FNDA:0,_ZStanSt12memory_orderSt23__memory_order_modifier
FN:326,_ZNSt13__atomic_baseIiEmmEv
FNDA:0,_ZNSt13__atomic_baseIiEmmEv
DA:99,0
DA:101,0
DA:326,0
DA:327,0
DA:415,0
DA:419,0
end_of_record
SF:/usr/include/x86_64-linux-gnu/qt5/QtCore/qrefcount.h
FN:65,_ZN9QtPrivate8RefCount5derefEv
FNDA:0,_ZN9QtPrivate8RefCount5derefEv
DA:65,0
DA:66,0
DA:68,0
DA:69,0
DA:71,0
DA:72,0
DA:73,0
end_of_record
SF:/usr/include/x86_64-linux-gnu/qt5/QtCore/qatomic_cxx11.h
FN:225,_ZN10QAtomicOpsIiE4loadIiEET_RKSt6atomicIS2_E
FNDA:0,_ZN10QAtomicOpsIiE4loadIiEET_RKSt6atomicIS2_E
FN:269,_ZN10QAtomicOpsIiE5derefIiEEbRSt6atomicIT_E
FNDA:0,_ZN10QAtomicOpsIiE5derefIiEEbRSt6atomicIT_E
DA:225,0
DA:227,0
DA:269,0
DA:271,0
end_of_record
SF:/home/user/Desktop/VS projekat/2023_Analysis_timesweeper/06-timesweeper/timesweeper/Headers/GunArm.h
end_of_record
SF:/usr/include/x86_64-linux-gnu/qt5/QtCore/qstring.h
FN:699,_ZN7QStringC2EPKc
FNDA:0,_ZN7QStringC2EPKc
FN:1135,_ZN7QStringD2Ev
FNDA:0,_ZN7QStringD2Ev
DA:699,0
DA:700,0
DA:701,0
DA:1135,0
end_of_record
SF:/usr/include/x86_64-linux-gnu/qt5/QtCore/qflags.h
FN:120,_ZN6QFlagsIN2Qt19ImageConversionFlagEEC2ES1_
FNDA:0,_ZN6QFlagsIN2Qt19ImageConversionFlagEEC2ES1_
DA:120,0
end_of_record
SF:/usr/include/x86_64-linux-gnu/qt5/QtCore/qbasicatomic.h
FN:103,_ZNK19QBasicAtomicIntegerIiE4loadEv
FNDA:0,_ZNK19QBasicAtomicIntegerIiE4loadEv
FN:115,_ZN19QBasicAtomicIntegerIiE5derefEv
FNDA:0,_ZN19QBasicAtomicIntegerIiE5derefEv
DA:103,0
DA:115,0
end_of_record
SF:/home/user/Desktop/VS projekat/2023_Analysis_timesweeper/06-timesweeper/timesweeper/Source/GunArm.cpp
FN:3,_ZN6GunArmC2Ev
FNDA:22,_ZN6GunArmC2Ev
DA:3,22
DA:5,22
DA:6,22
end_of_record
TN:
SF:/usr/include/x86_64-linux-gnu/qt5/QtCore/qrefcount.h
FN:65,_ZN9QtPrivate8RefCount5derefEv
FNDA:0,_ZN9QtPrivate8RefCount5derefEv
FN:99,_ZNK9QtPrivate8RefCount8isSharedEv
FNDA:0,_ZNK9QtPrivate8RefCount8isSharedEv
DA:65,0
DA:66,0
DA:68,0
DA:69,0
DA:71,0
DA:72,0
DA:73,0
DA:99,0
DA:101,0
DA:102,0
end_of_record
SF:/usr/include/x86_64-linux-gnu/qt5/QtWidgets/qgraphicsitem.h
FN:214,_ZN13QGraphicsItem4hideEv
FNDA:0,_ZN13QGraphicsItem4hideEv
FN:273,_ZNK13QGraphicsItem1xEv
FNDA:0,_ZNK13QGraphicsItem1xEv
FN:275,_ZNK13QGraphicsItem1yEv
FNDA:0,_ZNK13QGraphicsItem1yEv
FN:494,_ZN13QGraphicsItem6setPosEdd
FNDA:0,_ZN13QGraphicsItem6setPosEdd
DA:214,0
DA:273,0
DA:275,0
DA:494,0
DA:495,0
end_of_record
SF:/usr/include/x86_64-linux-gnu/qt5/QtCore/qarraydata.h
FN:236,_ZN15QTypedArrayDataItE10deallocateEP10QArrayData
FNDA:0,_ZN15QTypedArrayDataItE10deallocateEP10QArrayData
DA:236,0
DA:239,0
DA:240,0
end_of_record
SF:/usr/include/x86_64-linux-gnu/qt5/QtCore/qpoint.h
FN:287,_ZN7QPointFC2Edd
FNDA:0,_ZN7QPointFC2Edd
FN:301,_ZNK7QPointF1xEv
FNDA:0,_ZNK7QPointF1xEv
FN:306,_ZNK7QPointF1yEv
FNDA:0,_ZNK7QPointF1yEv
DA:287,0
DA:301,0
DA:303,0
DA:306,0
DA:308,0
end_of_record
SF:/home/user/Desktop/VS projekat/2023_Analysis_timesweeper/06-timesweeper/timesweeper/Source/Projectile.cpp
FN:11,_ZN10ProjectileC2ENS_7ShooterE
FNDA:1,_ZN10ProjectileC2ENS_7ShooterE
FN:24,_ZNK10Projectile10getShooterEv
FNDA:0,_ZNK10Projectile10getShooterEv
FN:26,_ZN10Projectile7advanceEi
FNDA:0,_ZN10Projectile7advanceEi
FN:32,_ZN10Projectile4moveEi
FNDA:0,_ZN10Projectile4moveEi
DA:11,1
DA:12,1
DA:14,1
DA:16,1
DA:20,0
DA:22,1
DA:24,0
DA:26,0
DA:28,0
DA:29,0
DA:30,0
DA:32,0
DA:34,0
DA:35,0
DA:36,0
DA:38,0
DA:40,0
DA:41,0
DA:43,0
DA:45,0
DA:46,0
DA:48,0
DA:50,0
DA:51,0
DA:53,0
DA:54,0
DA:56,0
DA:57,0
DA:58,0
DA:61,0
DA:62,0
DA:65,0
DA:67,0
DA:68,0
DA:70,0
DA:71,0
DA:73,0
DA:76,0
DA:77,0
DA:81,0
DA:85,0
DA:86,0
DA:88,0
DA:89,0
end_of_record
SF:/usr/include/x86_64-linux-gnu/qt5/QtCore/qatomic_cxx11.h
FN:225,_ZN10QAtomicOpsIiE4loadIiEET_RKSt6atomicIS2_E
FNDA:0,_ZN10QAtomicOpsIiE4loadIiEET_RKSt6atomicIS2_E
FN:269,_ZN10QAtomicOpsIiE5derefIiEEbRSt6atomicIT_E
FNDA:0,_ZN10QAtomicOpsIiE5derefIiEEbRSt6atomicIT_E
DA:225,0
DA:227,0
DA:269,0
DA:271,0
end_of_record
SF:/usr/include/x86_64-linux-gnu/qt5/QtCore/qflags.h
FN:120,_ZN6QFlagsIN2Qt19ImageConversionFlagEEC2ES1_
FNDA:0,_ZN6QFlagsIN2Qt19ImageConversionFlagEEC2ES1_
DA:120,0
end_of_record
SF:/usr/include/x86_64-linux-gnu/qt5/QtCore/qlist.h
FN:75,_ZN19QListSpecialMethodsIP13QGraphicsItemED2Ev
FNDA:0,_ZN19QListSpecialMethodsIP13QGraphicsItemED2Ev
FN:100,_ZN9QListData7disposeEv
FNDA:0,_ZN9QListData7disposeEv
FN:116,_ZNK9QListData5beginEv
FNDA:0,_ZNK9QListData5beginEv
FN:117,_ZNK9QListData3endEv
FNDA:0,_ZNK9QListData3endEv
FN:142,_ZN5QListIP13QGraphicsItemE4Node1tEv
FNDA:0,_ZN5QListIP13QGraphicsItemE4Node1tEv
FN:172,_ZN5QListIP13QGraphicsItemE6detachEv
FNDA:0,_ZN5QListIP13QGraphicsItemE6detachEv
FN:235,_ZN5QListIP13QGraphicsItemE8iteratorC2EPNS2_4NodeE
FNDA:0,_ZN5QListIP13QGraphicsItemE8iteratorC2EPNS2_4NodeE
FN:241,_ZNK5QListIP13QGraphicsItemE8iteratordeEv
FNDA:0,_ZNK5QListIP13QGraphicsItemE8iteratordeEv
FN:245,_ZNK5QListIP13QGraphicsItemE8iteratorneERKS3_
FNDA:0,_ZNK5QListIP13QGraphicsItemE8iteratorneERKS3_
FN:324,_ZN5QListIP13QGraphicsItemE5beginEv
FNDA:0,_ZN5QListIP13QGraphicsItemE5beginEv
FN:328,_ZN5QListIP13QGraphicsItemE3endEv
FNDA:0,_ZN5QListIP13QGraphicsItemE3endEv
FN:459,_ZN5QListIP13QGraphicsItemE9node_copyEPNS2_4NodeES4_S4_
FNDA:0,_ZN5QListIP13QGraphicsItemE9node_copyEPNS2_4NodeES4_S4_
FN:494,_ZN5QListIP13QGraphicsItemE13node_destructEPNS2_4NodeES4_
FNDA:0,_ZN5QListIP13QGraphicsItemE13node_destructEPNS2_4NodeES4_
FN:786,_ZN5QListIP13QGraphicsItemE13detach_helperEi
FNDA:0,_ZN5QListIP13QGraphicsItemE13detach_helperEi
FN:803,_ZN5QListIP13QGraphicsItemE13detach_helperEv
FNDA:0,_ZN5QListIP13QGraphicsItemE13detach_helperEv
FN:827,_ZN5QListIP13QGraphicsItemED2Ev
FNDA:0,_ZN5QListIP13QGraphicsItemED2Ev
FN:866,_ZN5QListIP13QGraphicsItemE7deallocEPN9QListData4DataE
FNDA:0,_ZN5QListIP13QGraphicsItemE7deallocEPN9QListData4DataE
DA:75,0
DA:100,0
DA:116,0
DA:117,0
DA:142,0
DA:144,0
DA:172,0
DA:235,0
DA:241,0
DA:245,0
DA:324,0
DA:328,0
DA:459,0
DA:461,0
DA:488,0
DA:489,0
DA:491,0
DA:494,0
DA:500,0
DA:786,0
DA:788,0
DA:789,0
DA:791,0
DA:792,0
DA:793,0
DA:794,0
DA:795,0
DA:798,0
DA:799,0
DA:800,0
DA:803,0
DA:805,0
DA:806,0
DA:827,0
DA:829,0
DA:830,0
DA:831,0
DA:866,0
DA:868,0
DA:869,0
DA:870,0
DA:871,0
end_of_record
SF:/usr/include/x86_64-linux-gnu/qt5/QtCore/qbasicatomic.h
FN:103,_ZNK19QBasicAtomicIntegerIiE4loadEv
FNDA:0,_ZNK19QBasicAtomicIntegerIiE4loadEv
FN:115,_ZN19QBasicAtomicIntegerIiE5derefEv
FNDA:0,_ZN19QBasicAtomicIntegerIiE5derefEv
DA:103,0
DA:115,0
end_of_record
SF:/usr/include/c++/9/typeinfo
FN:120,_ZNKSt9type_infoeqERKS_
FNDA:0,_ZNKSt9type_infoeqERKS_
DA:120,0
DA:122,0
DA:123,0
DA:124,0
end_of_record
SF:/usr/include/x86_64-linux-gnu/qt5/QtCore/qmath.h
FN:86,_Z4qSind
FNDA:0,_Z4qSind
FN:92,_Z4qCosd
FNDA:0,_Z4qCosd
FN:231,_Z17qDegreesToRadiansd
FNDA:0,_Z17qDegreesToRadiansd
DA:86,0
DA:89,0
DA:92,0
DA:95,0
DA:231,0
DA:233,0
end_of_record
SF:/usr/include/c++/9/bits/atomic_base.h
FN:99,_ZStanSt12memory_orderSt23__memory_order_modifier
FNDA:0,_ZStanSt12memory_orderSt23__memory_order_modifier
FN:326,_ZNSt13__atomic_baseIiEmmEv
FNDA:0,_ZNSt13__atomic_baseIiEmmEv
DA:99,0
DA:101,0
DA:326,0
DA:327,0
DA:415,0
DA:419,0
end_of_record
SF:/home/user/Desktop/VS projekat/2023_Analysis_timesweeper/06-timesweeper/timesweeper/Headers/Projectile.h
end_of_record
SF:/usr/include/x86_64-linux-gnu/qt5/QtCore/qstring.h
FN:699,_ZN7QStringC2EPKc
FNDA:0,_ZN7QStringC2EPKc
FN:1135,_ZN7QStringD2Ev
FNDA:0,_ZN7QStringD2Ev
DA:699,0
DA:700,0
DA:701,0
DA:1135,0
end_of_record
TN:
SF:/home/user/Desktop/VS projekat/2023_Analysis_timesweeper/06-timesweeper/timesweeper/Source/Options.cpp
FN:7,_ZN7OptionsC2EP7QWidget
FNDA:1,_ZN7OptionsC2EP7QWidget
FN:20,_ZN7OptionsD0Ev
FNDA:0,_ZN7OptionsD0Ev
FN:20,_ZN7OptionsD2Ev
FNDA:0,_ZN7OptionsD2Ev
FN:25,_ZN7Options17backButtonClickedEv
FNDA:0,_ZN7Options17backButtonClickedEv
FN:30,_ZN7Options18volumeValueChangedEv
FNDA:0,_ZN7Options18volumeValueChangedEv
FN:35,_ZN7Options17soundStateChangedEv
FNDA:0,_ZN7Options17soundStateChangedEv
FN:47,_ZN7Options23soundEffectStateChangedEv
FNDA:0,_ZN7Options23soundEffectStateChangedEv
DA:7,1
DA:8,1
DA:10,1
DA:11,1
DA:12,1
DA:14,1
DA:15,1
DA:16,1
DA:17,1
DA:18,1
DA:20,0
DA:23,0
DA:20,0
DA:22,0
DA:23,0
DA:25,0
DA:27,0
DA:28,0
DA:30,0
DA:32,0
DA:33,0
DA:35,0
DA:37,0
DA:39,0
DA:43,0
DA:45,0
DA:47,0
DA:49,0
DA:51,0
DA:55,0
DA:57,0
end_of_record
SF:/usr/include/x86_64-linux-gnu/qt5/QtCore/qatomic_cxx11.h
FN:225,_ZN10QAtomicOpsIiE4loadIiEET_RKSt6atomicIS2_E
FNDA:0,_ZN10QAtomicOpsIiE4loadIiEET_RKSt6atomicIS2_E
FN:269,_ZN10QAtomicOpsIiE5derefIiEEbRSt6atomicIT_E
FNDA:0,_ZN10QAtomicOpsIiE5derefIiEEbRSt6atomicIT_E
DA:225,0
DA:227,0
DA:269,0
DA:271,0
end_of_record
SF:/usr/include/x86_64-linux-gnu/qt5/QtCore/qatomic.h
FN:60,_ZN14QAtomicIntegerIiEC2Ei
FNDA:0,_ZN14QAtomicIntegerIiEC2Ei
FN:162,_ZN10QAtomicIntC2Ei
FNDA:0,_ZN10QAtomicIntC2Ei
DA:60,0
DA:162,0
end_of_record
SF:/usr/include/x86_64-linux-gnu/qt5/QtCore/qobject.h
FN:228,_ZN7QObject7connectIM9QCheckBoxFviEM7OptionsFvvEEEN11QMetaObject10ConnectionEPKN9QtPrivate15FunctionPointerIT_E6ObjectESB_PKNSA_IT0_E6ObjectESG_N2Qt14ConnectionTypeE
FNDA:2,_ZN7QObject7connectIM9QCheckBoxFviEM7OptionsFvvEEEN11QMetaObject10ConnectionEPKN9QtPrivate15FunctionPointerIT_E6ObjectESB_PKNSA_IT0_E6ObjectESG_N2Qt14ConnectionTypeE
FN:228,_ZN7QObject7connectIM15QAbstractSliderFviEM7OptionsFvvEEEN11QMetaObject10ConnectionEPKN9QtPrivate15FunctionPointerIT_E6ObjectESB_PKNSA_IT0_E6ObjectESG_N2Qt14ConnectionTypeE
FNDA:1,_ZN7QObject7connectIM15QAbstractSliderFviEM7OptionsFvvEEEN11QMetaObject10ConnectionEPKN9QtPrivate15FunctionPointerIT_E6ObjectESB_PKNSA_IT0_E6ObjectESG_N2Qt14ConnectionTypeE
FN:228,_ZN7QObject7connectIM15QAbstractButtonFvbEM7OptionsFvvEEEN11QMetaObject10ConnectionEPKN9QtPrivate15FunctionPointerIT_E6ObjectESB_PKNSA_IT0_E6ObjectESG_N2Qt14ConnectionTypeE
FNDA:1,_ZN7QObject7connectIM15QAbstractButtonFvbEM7OptionsFvvEEEN11QMetaObject10ConnectionEPKN9QtPrivate15FunctionPointerIT_E6ObjectESB_PKNSA_IT0_E6ObjectESG_N2Qt14ConnectionTypeE
DA:228,2
DA:246,2
DA:247,2
DA:248,0
DA:252,2
DA:254,2
DA:228,1
DA:246,1
DA:247,1
DA:248,0
DA:252,1
DA:254,1
DA:228,1
DA:246,1
DA:247,1
DA:248,0
DA:252,1
DA:254,1
end_of_record
SF:/usr/include/x86_64-linux-gnu/qt5/QtCore/qrefcount.h
FN:65,_ZN9QtPrivate8RefCount5derefEv
FNDA:0,_ZN9QtPrivate8RefCount5derefEv
DA:65,0
DA:66,0
DA:68,0
DA:69,0
DA:71,0
DA:72,0
DA:73,0
end_of_record
SF:/usr/include/x86_64-linux-gnu/qt5/QtCore/qarraydata.h
FN:123,_ZN10QArrayData10sharedNullEv
FNDA:0,_ZN10QArrayData10sharedNullEv
FN:236,_ZN15QTypedArrayDataItE10deallocateEP10QArrayData
FNDA:0,_ZN15QTypedArrayDataItE10deallocateEP10QArrayData
FN:257,_ZN15QTypedArrayDataItE10sharedNullEv
FNDA:0,_ZN15QTypedArrayDataItE10sharedNullEv
DA:123,0
DA:236,0
DA:239,0
DA:240,0
DA:257,0
DA:260,0
end_of_record
SF:/usr/include/x86_64-linux-gnu/qt5/QtCore/qsize.h
FN:119,_ZN5QSizeC2Eii
FNDA:0,_ZN5QSizeC2Eii
DA:119,0
end_of_record
SF:/home/user/Desktop/VS projekat/2023_Analysis_timesweeper/build-TimesweeperUnitTests-Desktop-Debug/ui_Options.h
FN:34,_ZN10Ui_Options7setupUiEP7QWidget
FNDA:1,_ZN10Ui_Options7setupUiEP7QWidget
FN:118,_ZN10Ui_Options13retranslateUiEP7QWidget
FNDA:1,_ZN10Ui_Options13retranslateUiEP7QWidget
DA:34,1
DA:36,1
DA:37,1
DA:38,1
DA:39,1
DA:45,1
DA:46,1
DA:47,1
DA:48,1
DA:51,1
DA:52,1
DA:53,1
DA:54,1
DA:55,1
DA:66,1
DA:67,1
DA:68,1
DA:69,1
DA:70,1
DA:71,1
DA:74,1
DA:75,1
DA:76,1
DA:77,1
DA:78,1
DA:79,1
DA:80,1
DA:81,1
DA:84,1
DA:85,1
DA:86,1
DA:87,1
DA:102,1
DA:103,1
DA:104,1
DA:105,1
DA:108,1
DA:109,1
DA:110,1
DA:111,1
DA:113,1
DA:115,1
DA:116,1
DA:118,1
DA:120,1
DA:121,1
DA:122,1
DA:123,1
DA:124,1
DA:125,1
DA:126,1
DA:127,1
DA:128,1
end_of_record
SF:/usr/include/x86_64-linux-gnu/qt5/QtCore/qstring.h
FN:570,_ZN7QString8fromUtf8EPKci
FNDA:0,_ZN7QString8fromUtf8EPKci
FN:699,_ZN7QStringC2EPKc
FNDA:0,_ZN7QStringC2EPKc
FN:941,_ZNK7QString7isEmptyEv
FNDA:0,_ZNK7QString7isEmptyEv
FN:1134,_ZN7QStringC2Ev
FNDA:0,_ZN7QStringC2Ev
FN:1135,_ZN7QStringD2Ev
FNDA:0,_ZN7QStringD2Ev
DA:570,0
DA:572,0
DA:699,0
DA:700,0
DA:701,0
DA:941,0
DA:942,0
DA:1134,0
DA:1135,0
end_of_record
SF:/usr/include/x86_64-linux-gnu/qt5/QtCore/qobjectdefs_impl.h
FN:88,_ZN9QtPrivate16ApplyReturnValueIvEC2EPv
FNDA:0,_ZN9QtPrivate16ApplyReturnValueIvEC2EPv
FN:151,_ZN9QtPrivate11FunctorCallINS_11IndexesListIJEEENS_4ListIJEEEvM7OptionsFvvEE4callES7_PS5_PPv
FNDA:0,_ZN9QtPrivate11FunctorCallINS_11IndexesListIJEEENS_4ListIJEEEvM7OptionsFvvEE4callES7_PS5_PPv
FN:184,_ZN9QtPrivate15FunctionPointerIM7OptionsFvvEE4callINS_4ListIJEEEvEEvS3_PS1_PPv
FNDA:0,_ZN9QtPrivate15FunctionPointerIM7OptionsFvvEE4callINS_4ListIJEEEvEEvS3_PS1_PPv
FN:387,_ZN9QtPrivate15QSlotObjectBaseC2EPFviPS0_P7QObjectPPvPbE
FNDA:0,_ZN9QtPrivate15QSlotObjectBaseC2EPFviPS0_P7QObjectPPvPbE
FN:396,_ZN9QtPrivate15QSlotObjectBaseD2Ev
FNDA:0,_ZN9QtPrivate15QSlotObjectBaseD2Ev
FN:407,_ZN9QtPrivate11QSlotObjectIM7OptionsFvvENS_4ListIJEEEvE4implEiPNS_15QSlotObjectBaseEP7QObjectPPvPb
FNDA:0,_ZN9QtPrivate11QSlotObjectIM7OptionsFvvENS_4ListIJEEEvE4implEiPNS_15QSlotObjectBaseEP7QObjectPPvPb
FN:423,_ZN9QtPrivate11QSlotObjectIM7OptionsFvvENS_4ListIJEEEvEC2ES3_
FNDA:4,_ZN9QtPrivate11QSlotObjectIM7OptionsFvvENS_4ListIJEEEvEC2ES3_
DA:88,0
DA:151,0
DA:152,0
DA:153,0
DA:184,0
DA:185,0
DA:186,0
DA:387,0
DA:396,0
DA:407,0
DA:409,0
DA:410,0
DA:411,0
DA:412,0
DA:413,0
DA:414,0
DA:415,0
DA:416,0
DA:417,0
DA:418,0
DA:419,0
DA:421,0
DA:423,4
end_of_record
SF:/usr/include/c++/9/atomic
FN:759,_ZNSt6atomicIiEC2Ei
FNDA:0,_ZNSt6atomicIiEC2Ei
DA:759,0
end_of_record
SF:/usr/include/c++/9/bits/atomic_base.h
FN:99,_ZStanSt12memory_orderSt23__memory_order_modifier
FNDA:0,_ZStanSt12memory_orderSt23__memory_order_modifier
FN:279,_ZNSt13__atomic_baseIiEC2Ei
FNDA:0,_ZNSt13__atomic_baseIiEC2Ei
FN:326,_ZNSt13__atomic_baseIiEmmEv
FNDA:0,_ZNSt13__atomic_baseIiEmmEv
DA:99,0
DA:101,0
DA:279,0
DA:326,0
DA:327,0
DA:415,0
DA:419,0
end_of_record
SF:/usr/include/x86_64-linux-gnu/qt5/QtWidgets/qwidget.h
FN:838,_ZN7QWidget6resizeEii
FNDA:0,_ZN7QWidget6resizeEii
DA:838,0
DA:839,0
end_of_record
SF:/usr/include/x86_64-linux-gnu/qt5/QtCore/qobject_impl.h
FN:75,_ZN9QtPrivate15ConnectionTypesINS_4ListIJiEEELb1EE5typesEv
FNDA:0,_ZN9QtPrivate15ConnectionTypesINS_4ListIJiEEELb1EE5typesEv
FN:75,_ZN9QtPrivate15ConnectionTypesINS_4ListIJbEEELb1EE5typesEv
FNDA:0,_ZN9QtPrivate15ConnectionTypesINS_4ListIJbEEELb1EE5typesEv
DA:75,0
DA:75,0
end_of_record
SF:/usr/include/x86_64-linux-gnu/qt5/QtCore/qbasicatomic.h
FN:103,_ZNK19QBasicAtomicIntegerIiE4loadEv
FNDA:0,_ZNK19QBasicAtomicIntegerIiE4loadEv
FN:115,_ZN19QBasicAtomicIntegerIiE5derefEv
FNDA:0,_ZN19QBasicAtomicIntegerIiE5derefEv
FN:221,_ZN19QBasicAtomicIntegerIiEC2Ei
FNDA:0,_ZN19QBasicAtomicIntegerIiEC2Ei
DA:103,0
DA:115,0
DA:221,0
end_of_record
SF:/home/user/Desktop/VS projekat/2023_Analysis_timesweeper/06-timesweeper/timesweeper/Headers/Options.h
end_of_record
SF:/usr/include/x86_64-linux-gnu/qt5/QtCore/qrect.h
FN:184,_ZN5QRectC2Eiiii
FNDA:0,_ZN5QRectC2Eiiii
DA:184,0
DA:185,0
end_of_record
SF:/usr/include/x86_64-linux-gnu/qt5/QtCore/qflags.h
FN:121,_ZN6QFlagsIN2Qt10WindowTypeEEC2EMNS2_7PrivateEi
FNDA:0,_ZN6QFlagsIN2Qt10WindowTypeEEC2EMNS2_7PrivateEi
DA:121,0
end_of_record
TN:
SF:/home/user/Desktop/VS projekat/2023_Analysis_timesweeper/build-TimesweeperUnitTests-Desktop-Debug/moc_DialogueBox.cpp
FN:57,_ZN11DialogueBox18qt_static_metacallEP7QObjectN11QMetaObject4CallEiPPv
FNDA:0,_ZN11DialogueBox18qt_static_metacallEP7QObjectN11QMetaObject4CallEiPPv
FN:75,_ZNK11DialogueBox10metaObjectEv
FNDA:0,_ZNK11DialogueBox10metaObjectEv
FN:80,_ZN11DialogueBox11qt_metacastEPKc
FNDA:0,_ZN11DialogueBox11qt_metacastEPKc
FN:90,_ZN11DialogueBox11qt_metacallEN11QMetaObject4CallEiPPv
FNDA:0,_ZN11DialogueBox11qt_metacallEN11QMetaObject4CallEiPPv
DA:57,0
DA:63,0
DA:75,0
DA:77,0
DA:80,0
DA:82,0
DA:83,0
DA:84,0
DA:85,0
DA:86,0
DA:87,0
DA:90,0
DA:92,0
DA:93,0
end_of_record
SF:/home/user/Desktop/VS projekat/2023_Analysis_timesweeper/06-timesweeper/timesweeper/Headers/DialogueBox.h
end_of_record
SF:/usr/include/x86_64-linux-gnu/qt5/QtCore/qscopedpointer.h
FN:116,_ZNK14QScopedPointerI11QObjectData21QScopedPointerDeleterIS0_EEptEv
FNDA:0,_ZNK14QScopedPointerI11QObjectData21QScopedPointerDeleterIS0_EEptEv
DA:116,0
DA:118,0
end_of_record
TN:
SF:/usr/include/x86_64-linux-gnu/qt5/QtCore/qrefcount.h
FN:65,_ZN9QtPrivate8RefCount5derefEv
FNDA:0,_ZN9QtPrivate8RefCount5derefEv
DA:65,0
DA:66,0
DA:68,0
DA:69,0
DA:71,0
DA:72,0
DA:73,0
end_of_record
SF:/usr/include/x86_64-linux-gnu/qt5/QtCore/qarraydata.h
FN:236,_ZN15QTypedArrayDataItE10deallocateEP10QArrayData
FNDA:0,_ZN15QTypedArrayDataItE10deallocateEP10QArrayData
DA:236,0
DA:239,0
DA:240,0
end_of_record
SF:/usr/include/x86_64-linux-gnu/qt5/QtCore/qobject.h
FN:228,_ZN7QObject7connectIM15QAbstractButtonFvbEM4HelpFvvEEEN11QMetaObject10ConnectionEPKN9QtPrivate15FunctionPointerIT_E6ObjectESB_PKNSA_IT0_E6ObjectESG_N2Qt14ConnectionTypeE
FNDA:1,_ZN7QObject7connectIM15QAbstractButtonFvbEM4HelpFvvEEEN11QMetaObject10ConnectionEPKN9QtPrivate15FunctionPointerIT_E6ObjectESB_PKNSA_IT0_E6ObjectESG_N2Qt14ConnectionTypeE
DA:228,1
DA:246,1
DA:247,1
DA:248,0
DA:252,1
DA:254,1
end_of_record
SF:/home/user/Desktop/VS projekat/2023_Analysis_timesweeper/build-TimesweeperUnitTests-Desktop-Debug/ui_Help.h
FN:26,_ZN7Ui_Help7setupUiEP7QWidget
FNDA:1,_ZN7Ui_Help7setupUiEP7QWidget
FN:66,_ZN7Ui_Help13retranslateUiEP7QWidget
FNDA:1,_ZN7Ui_Help13retranslateUiEP7QWidget
DA:26,1
DA:28,1
DA:29,1
DA:30,1
DA:31,1
DA:37,1
DA:38,1
DA:39,1
DA:40,1
DA:42,1
DA:43,1
DA:44,1
DA:45,1
DA:61,1
DA:63,1
DA:64,1
DA:66,1
DA:68,1
DA:69,1
DA:70,1
DA:71,1
end_of_record
SF:/usr/include/x86_64-linux-gnu/qt5/QtCore/qatomic_cxx11.h
FN:225,_ZN10QAtomicOpsIiE4loadIiEET_RKSt6atomicIS2_E
FNDA:0,_ZN10QAtomicOpsIiE4loadIiEET_RKSt6atomicIS2_E
FN:269,_ZN10QAtomicOpsIiE5derefIiEEbRSt6atomicIT_E
FNDA:0,_ZN10QAtomicOpsIiE5derefIiEEbRSt6atomicIT_E
DA:225,0
DA:227,0
DA:269,0
DA:271,0
end_of_record
SF:/usr/include/x86_64-linux-gnu/qt5/QtCore/qatomic.h
FN:60,_ZN14QAtomicIntegerIiEC2Ei
FNDA:0,_ZN14QAtomicIntegerIiEC2Ei
FN:162,_ZN10QAtomicIntC2Ei
FNDA:0,_ZN10QAtomicIntC2Ei
DA:60,0
DA:162,0
end_of_record
SF:/home/user/Desktop/VS projekat/2023_Analysis_timesweeper/06-timesweeper/timesweeper/Headers/Help.h
end_of_record
SF:/home/user/Desktop/VS projekat/2023_Analysis_timesweeper/06-timesweeper/timesweeper/Source/Help.cpp
FN:5,_ZN4HelpC2EP7QWidget
FNDA:1,_ZN4HelpC2EP7QWidget
FN:15,_ZN4HelpD0Ev
FNDA:0,_ZN4HelpD0Ev
FN:15,_ZN4HelpD2Ev
FNDA:0,_ZN4HelpD2Ev
FN:20,_ZN4Help17backButtonClickedEv
FNDA:0,_ZN4Help17backButtonClickedEv
DA:5,1
DA:6,1
DA:8,1
DA:9,1
DA:10,1
DA:12,1
DA:13,1
DA:15,0
DA:18,0
DA:15,0
DA:17,0
DA:18,0
DA:20,0
DA:22,0
DA:23,0
end_of_record
SF:/usr/include/x86_64-linux-gnu/qt5/QtCore/qsize.h
FN:119,_ZN5QSizeC2Eii
FNDA:0,_ZN5QSizeC2Eii
DA:119,0
end_of_record
SF:/usr/include/x86_64-linux-gnu/qt5/QtCore/qobject_impl.h
FN:75,_ZN9QtPrivate15ConnectionTypesINS_4ListIJbEEELb1EE5typesEv
FNDA:0,_ZN9QtPrivate15ConnectionTypesINS_4ListIJbEEELb1EE5typesEv
DA:75,0
end_of_record
SF:/usr/include/x86_64-linux-gnu/qt5/QtWidgets/qwidget.h
FN:838,_ZN7QWidget6resizeEii
FNDA:0,_ZN7QWidget6resizeEii
DA:838,0
DA:839,0
end_of_record
SF:/usr/include/c++/9/atomic
FN:759,_ZNSt6atomicIiEC2Ei
FNDA:0,_ZNSt6atomicIiEC2Ei
DA:759,0
end_of_record
SF:/usr/include/c++/9/bits/atomic_base.h
FN:99,_ZStanSt12memory_orderSt23__memory_order_modifier
FNDA:0,_ZStanSt12memory_orderSt23__memory_order_modifier
FN:279,_ZNSt13__atomic_baseIiEC2Ei
FNDA:0,_ZNSt13__atomic_baseIiEC2Ei
FN:326,_ZNSt13__atomic_baseIiEmmEv
FNDA:0,_ZNSt13__atomic_baseIiEmmEv
DA:99,0
DA:101,0
DA:279,0
DA:326,0
DA:327,0
DA:415,0
DA:419,0
end_of_record
SF:/usr/include/x86_64-linux-gnu/qt5/QtCore/qstring.h
FN:570,_ZN7QString8fromUtf8EPKci
FNDA:0,_ZN7QString8fromUtf8EPKci
FN:699,_ZN7QStringC2EPKc
FNDA:0,_ZN7QStringC2EPKc
FN:941,_ZNK7QString7isEmptyEv
FNDA:0,_ZNK7QString7isEmptyEv
FN:1135,_ZN7QStringD2Ev
FNDA:0,_ZN7QStringD2Ev
DA:570,0
DA:572,0
DA:699,0
DA:700,0
DA:701,0
DA:941,0
DA:942,0
DA:1135,0
end_of_record
SF:/usr/include/x86_64-linux-gnu/qt5/QtCore/qobjectdefs_impl.h
FN:88,_ZN9QtPrivate16ApplyReturnValueIvEC2EPv
FNDA:0,_ZN9QtPrivate16ApplyReturnValueIvEC2EPv
FN:151,_ZN9QtPrivate11FunctorCallINS_11IndexesListIJEEENS_4ListIJEEEvM4HelpFvvEE4callES7_PS5_PPv
FNDA:0,_ZN9QtPrivate11FunctorCallINS_11IndexesListIJEEENS_4ListIJEEEvM4HelpFvvEE4callES7_PS5_PPv
FN:184,_ZN9QtPrivate15FunctionPointerIM4HelpFvvEE4callINS_4ListIJEEEvEEvS3_PS1_PPv
FNDA:0,_ZN9QtPrivate15FunctionPointerIM4HelpFvvEE4callINS_4ListIJEEEvEEvS3_PS1_PPv
FN:387,_ZN9QtPrivate15QSlotObjectBaseC2EPFviPS0_P7QObjectPPvPbE
FNDA:0,_ZN9QtPrivate15QSlotObjectBaseC2EPFviPS0_P7QObjectPPvPbE
FN:396,_ZN9QtPrivate15QSlotObjectBaseD2Ev
FNDA:0,_ZN9QtPrivate15QSlotObjectBaseD2Ev
FN:407,_ZN9QtPrivate11QSlotObjectIM4HelpFvvENS_4ListIJEEEvE4implEiPNS_15QSlotObjectBaseEP7QObjectPPvPb
FNDA:0,_ZN9QtPrivate11QSlotObjectIM4HelpFvvENS_4ListIJEEEvE4implEiPNS_15QSlotObjectBaseEP7QObjectPPvPb
FN:423,_ZN9QtPrivate11QSlotObjectIM4HelpFvvENS_4ListIJEEEvEC2ES3_
FNDA:1,_ZN9QtPrivate11QSlotObjectIM4HelpFvvENS_4ListIJEEEvEC2ES3_
DA:88,0
DA:151,0
DA:152,0
DA:153,0
DA:184,0
DA:185,0
DA:186,0
DA:387,0
DA:396,0
DA:407,0
DA:409,0
DA:410,0
DA:411,0
DA:412,0
DA:413,0
DA:414,0
DA:415,0
DA:416,0
DA:417,0
DA:418,0
DA:419,0
DA:421,0
DA:423,1
end_of_record
SF:/usr/include/x86_64-linux-gnu/qt5/QtCore/qflags.h
FN:121,_ZN6QFlagsIN2Qt10WindowTypeEEC2EMNS2_7PrivateEi
FNDA:0,_ZN6QFlagsIN2Qt10WindowTypeEEC2EMNS2_7PrivateEi
DA:121,0
end_of_record
SF:/usr/include/x86_64-linux-gnu/qt5/QtCore/qbasicatomic.h
FN:103,_ZNK19QBasicAtomicIntegerIiE4loadEv
FNDA:0,_ZNK19QBasicAtomicIntegerIiE4loadEv
FN:115,_ZN19QBasicAtomicIntegerIiE5derefEv
FNDA:0,_ZN19QBasicAtomicIntegerIiE5derefEv
FN:221,_ZN19QBasicAtomicIntegerIiEC2Ei
FNDA:0,_ZN19QBasicAtomicIntegerIiEC2Ei
DA:103,0
DA:115,0
DA:221,0
end_of_record
SF:/usr/include/x86_64-linux-gnu/qt5/QtCore/qrect.h
FN:184,_ZN5QRectC2Eiiii
FNDA:0,_ZN5QRectC2Eiiii
DA:184,0
DA:185,0
end_of_record
TN:
SF:/home/user/Desktop/VS projekat/2023_Analysis_timesweeper/06-timesweeper/timesweeper/Headers/Menu.h
end_of_record
SF:/home/user/Desktop/VS projekat/2023_Analysis_timesweeper/build-TimesweeperUnitTests-Desktop-Debug/moc_Menu.cpp
FN:75,_ZN4Menu18qt_static_metacallEP7QObjectN11QMetaObject4CallEiPPv
FNDA:0,_ZN4Menu18qt_static_metacallEP7QObjectN11QMetaObject4CallEiPPv
FN:101,_ZNK4Menu10metaObjectEv
FNDA:53,_ZNK4Menu10metaObjectEv
FN:106,_ZN4Menu11qt_metacastEPKc
FNDA:21,_ZN4Menu11qt_metacastEPKc
FN:114,_ZN4Menu11qt_metacallEN11QMetaObject4CallEiPPv
FNDA:5,_ZN4Menu11qt_metacallEN11QMetaObject4CallEiPPv
DA:75,0
DA:77,0
DA:78,0
DA:80,0
DA:81,0
DA:82,0
DA:83,0
DA:84,0
DA:85,0
DA:89,0
DA:101,53
DA:103,53
DA:106,21
DA:108,21
DA:109,21
DA:110,0
DA:111,21
DA:114,5
DA:116,5
DA:117,5
DA:118,5
DA:119,0
DA:120,0
DA:121,0
DA:122,0
DA:123,0
DA:124,0
DA:125,0
DA:126,0
DA:128,0
end_of_record
SF:/usr/include/x86_64-linux-gnu/qt5/QtCore/qscopedpointer.h
FN:116,_ZNK14QScopedPointerI11QObjectData21QScopedPointerDeleterIS0_EEptEv
FNDA:0,_ZNK14QScopedPointerI11QObjectData21QScopedPointerDeleterIS0_EEptEv
DA:116,0
DA:118,0
end_of_record
TN:
SF:/home/user/Desktop/VS projekat/2023_Analysis_timesweeper/06-timesweeper/timesweeper/Headers/Tile.h
end_of_record
SF:/usr/include/x86_64-linux-gnu/qt5/QtCore/qscopedpointer.h
FN:116,_ZNK14QScopedPointerI11QObjectData21QScopedPointerDeleterIS0_EEptEv
FNDA:0,_ZNK14QScopedPointerI11QObjectData21QScopedPointerDeleterIS0_EEptEv
DA:116,0
DA:118,0
end_of_record
SF:/home/user/Desktop/VS projekat/2023_Analysis_timesweeper/build-TimesweeperUnitTests-Desktop-Debug/moc_Tile.cpp
FN:57,_ZN4Tile18qt_static_metacallEP7QObjectN11QMetaObject4CallEiPPv
FNDA:0,_ZN4Tile18qt_static_metacallEP7QObjectN11QMetaObject4CallEiPPv
FN:75,_ZNK4Tile10metaObjectEv
FNDA:0,_ZNK4Tile10metaObjectEv
FN:80,_ZN4Tile11qt_metacastEPKc
FNDA:0,_ZN4Tile11qt_metacastEPKc
FN:90,_ZN4Tile11qt_metacallEN11QMetaObject4CallEiPPv
FNDA:0,_ZN4Tile11qt_metacallEN11QMetaObject4CallEiPPv
DA:57,0
DA:63,0
DA:75,0
DA:77,0
DA:80,0
DA:82,0
DA:83,0
DA:84,0
DA:85,0
DA:86,0
DA:87,0
DA:90,0
DA:92,0
DA:93,0
end_of_record
TN:
SF:/usr/include/x86_64-linux-gnu/qt5/QtCore/qatomic_cxx11.h
FN:225,_ZN10QAtomicOpsIiE4loadIiEET_RKSt6atomicIS2_E
FNDA:0,_ZN10QAtomicOpsIiE4loadIiEET_RKSt6atomicIS2_E
FN:269,_ZN10QAtomicOpsIiE5derefIiEEbRSt6atomicIT_E
FNDA:0,_ZN10QAtomicOpsIiE5derefIiEEbRSt6atomicIT_E
DA:225,0
DA:227,0
DA:269,0
DA:271,0
end_of_record
SF:/usr/include/x86_64-linux-gnu/qt5/QtCore/qpoint.h
FN:287,_ZN7QPointFC2Edd
FNDA:0,_ZN7QPointFC2Edd
FN:365,_ZplRK7QPointFS1_
FNDA:0,_ZplRK7QPointFS1_
DA:287,0
DA:365,0
DA:367,0
end_of_record
SF:/usr/include/x86_64-linux-gnu/qt5/QtCore/qrefcount.h
FN:65,_ZN9QtPrivate8RefCount5derefEv
FNDA:0,_ZN9QtPrivate8RefCount5derefEv
DA:65,0
DA:66,0
DA:68,0
DA:69,0
DA:71,0
DA:72,0
DA:73,0
end_of_record
SF:/usr/include/x86_64-linux-gnu/qt5/QtCore/qarraydata.h
FN:236,_ZN15QTypedArrayDataItE10deallocateEP10QArrayData
FNDA:0,_ZN15QTypedArrayDataItE10deallocateEP10QArrayData
DA:236,0
DA:239,0
DA:240,0
end_of_record
SF:/usr/include/x86_64-linux-gnu/qt5/QtWidgets/qgraphicsitem.h
FN:494,_ZN13QGraphicsItem6setPosEdd
FNDA:1,_ZN13QGraphicsItem6setPosEdd
DA:494,1
DA:495,1
end_of_record
SF:/usr/include/x86_64-linux-gnu/qt5/QtCore/qbasicatomic.h
FN:103,_ZNK19QBasicAtomicIntegerIiE4loadEv
FNDA:0,_ZNK19QBasicAtomicIntegerIiE4loadEv
FN:115,_ZN19QBasicAtomicIntegerIiE5derefEv
FNDA:0,_ZN19QBasicAtomicIntegerIiE5derefEv
DA:103,0
DA:115,0
end_of_record
SF:/usr/include/x86_64-linux-gnu/qt5/QtCore/qflags.h
FN:120,_ZN6QFlagsIN2Qt19ImageConversionFlagEEC2ES1_
FNDA:0,_ZN6QFlagsIN2Qt19ImageConversionFlagEEC2ES1_
DA:120,0
end_of_record
SF:/usr/include/x86_64-linux-gnu/qt5/QtCore/qstring.h
FN:699,_ZN7QStringC2EPKc
FNDA:0,_ZN7QStringC2EPKc
FN:1135,_ZN7QStringD2Ev
FNDA:0,_ZN7QStringD2Ev
DA:699,0
DA:700,0
DA:701,0
DA:1135,0
end_of_record
SF:/home/user/Desktop/VS projekat/2023_Analysis_timesweeper/06-timesweeper/timesweeper/Source/DialogueBox.cpp
FN:6,_ZN11DialogueBoxC2ER5QPairIN15DialogueHandler7SpeakerE7QStringE
FNDA:0,_ZN11DialogueBoxC2ER5QPairIN15DialogueHandler7SpeakerE7QStringE
DA:6,0
DA:8,0
DA:9,0
DA:10,0
DA:12,0
DA:14,0
DA:15,0
DA:16,0
DA:20,0
DA:21,0
DA:22,0
DA:25,0
DA:26,0
DA:27,0
end_of_record
SF:/usr/include/c++/9/bits/atomic_base.h
FN:99,_ZStanSt12memory_orderSt23__memory_order_modifier
FNDA:0,_ZStanSt12memory_orderSt23__memory_order_modifier
FN:326,_ZNSt13__atomic_baseIiEmmEv
FNDA:0,_ZNSt13__atomic_baseIiEmmEv
DA:99,0
DA:101,0
DA:326,0
DA:327,0
DA:415,0
DA:419,0
end_of_record
TN:
SF:/home/user/Desktop/VS projekat/2023_Analysis_timesweeper/06-timesweeper/timesweeper/Headers/EnemyHealthBar.h
end_of_record
SF:/usr/include/x86_64-linux-gnu/qt5/QtCore/qrect.h
FN:644,_ZN6QRectFC2Edddd
FNDA:0,_ZN6QRectFC2Edddd
DA:644,0
DA:645,0
DA:647,0
end_of_record
SF:/usr/include/x86_64-linux-gnu/qt5/QtCore/qpoint.h
FN:301,_ZNK7QPointF1xEv
FNDA:0,_ZNK7QPointF1xEv
FN:306,_ZNK7QPointF1yEv
FNDA:0,_ZNK7QPointF1yEv
DA:301,0
DA:303,0
DA:306,0
DA:308,0
end_of_record
SF:/home/user/Desktop/VS projekat/2023_Analysis_timesweeper/06-timesweeper/timesweeper/Source/EnemyHealthBar.cpp
FN:5,_ZN14EnemyHealthBarC2Eii
FNDA:0,_ZN14EnemyHealthBarC2Eii
FN:16,_ZN14EnemyHealthBarD0Ev
FNDA:0,_ZN14EnemyHealthBarD0Ev
FN:16,_ZN14EnemyHealthBarD2Ev
FNDA:0,_ZN14EnemyHealthBarD2Ev
DA:5,0
DA:6,0
DA:8,0
DA:9,0
DA:10,0
DA:12,0
DA:13,0
DA:14,0
DA:16,0
DA:20,0
DA:16,0
DA:18,0
DA:19,0
DA:20,0
end_of_record
SF:/usr/include/x86_64-linux-gnu/qt5/QtWidgets/qgraphicsitem.h
FN:273,_ZNK13QGraphicsItem1xEv
FNDA:0,_ZNK13QGraphicsItem1xEv
FN:275,_ZNK13QGraphicsItem1yEv
FNDA:0,_ZNK13QGraphicsItem1yEv
FN:694,_ZN17QGraphicsRectItem7setRectEdddd
FNDA:0,_ZN17QGraphicsRectItem7setRectEdddd
DA:273,0
DA:275,0
DA:694,0
DA:695,0
end_of_record
TN:
SF:/home/user/Desktop/VS projekat/2023_Analysis_timesweeper/build-TimesweeperUnitTests-Desktop-Debug/moc_EnemyCharacter.cpp
FN:57,_ZN14EnemyCharacter18qt_static_metacallEP7QObjectN11QMetaObject4CallEiPPv
FNDA:0,_ZN14EnemyCharacter18qt_static_metacallEP7QObjectN11QMetaObject4CallEiPPv
FN:75,_ZNK14EnemyCharacter10metaObjectEv
FNDA:0,_ZNK14EnemyCharacter10metaObjectEv
FN:80,_ZN14EnemyCharacter11qt_metacastEPKc
FNDA:0,_ZN14EnemyCharacter11qt_metacastEPKc
FN:88,_ZN14EnemyCharacter11qt_metacallEN11QMetaObject4CallEiPPv
FNDA:0,_ZN14EnemyCharacter11qt_metacallEN11QMetaObject4CallEiPPv
DA:57,0
DA:63,0
DA:75,0
DA:77,0
DA:80,0
DA:82,0
DA:83,0
DA:84,0
DA:85,0
DA:88,0
DA:90,0
DA:91,0
end_of_record
SF:/usr/include/x86_64-linux-gnu/qt5/QtCore/qscopedpointer.h
FN:116,_ZNK14QScopedPointerI11QObjectData21QScopedPointerDeleterIS0_EEptEv
FNDA:0,_ZNK14QScopedPointerI11QObjectData21QScopedPointerDeleterIS0_EEptEv
DA:116,0
DA:118,0
end_of_record
TN:
SF:/home/user/Desktop/VS projekat/2023_Analysis_timesweeper/06-timesweeper/timesweeper/Headers/DialogueTriggerBox.h
end_of_record
SF:/home/user/Desktop/VS projekat/2023_Analysis_timesweeper/06-timesweeper/timesweeper/Source/DialogueTriggerBox.cpp
FN:3,_ZN18DialogueTriggerBoxC2Ev
FNDA:0,_ZN18DialogueTriggerBoxC2Ev
DA:3,0
DA:5,0
end_of_record
TN:
SF:/usr/include/x86_64-linux-gnu/qt5/QtCore/qscopedpointer.h
FN:116,_ZNK14QScopedPointerI11QObjectData21QScopedPointerDeleterIS0_EEptEv
FNDA:0,_ZNK14QScopedPointerI11QObjectData21QScopedPointerDeleterIS0_EEptEv
DA:116,0
DA:118,0
end_of_record
SF:/home/user/Desktop/VS projekat/2023_Analysis_timesweeper/06-timesweeper/timesweeper/Headers/Character.h
end_of_record
SF:/home/user/Desktop/VS projekat/2023_Analysis_timesweeper/06-timesweeper/timesweeper/Headers/EnemyBoss.h
end_of_record
SF:/home/user/Desktop/VS projekat/2023_Analysis_timesweeper/build-TimesweeperUnitTests-Desktop-Debug/moc_EnemyBoss.cpp
FN:68,_ZN9EnemyBoss18qt_static_metacallEP7QObjectN11QMetaObject4CallEiPPv
FNDA:0,_ZN9EnemyBoss18qt_static_metacallEP7QObjectN11QMetaObject4CallEiPPv
FN:108,_ZNK9EnemyBoss10metaObjectEv
FNDA:0,_ZNK9EnemyBoss10metaObjectEv
FN:113,_ZN9EnemyBoss11qt_metacastEPKc
FNDA:0,_ZN9EnemyBoss11qt_metacastEPKc
FN:121,_ZN9EnemyBoss11qt_metacallEN11QMetaObject4CallEiPPv
FNDA:0,_ZN9EnemyBoss11qt_metacallEN11QMetaObject4CallEiPPv
FN:139,_ZN9EnemyBoss9alphaDiedEv
FNDA:0,_ZN9EnemyBoss9alphaDiedEv
FN:145,_ZN9EnemyBoss12alphaEscapedEv
FNDA:0,_ZN9EnemyBoss12alphaEscapedEv
DA:68,0
DA:70,0
DA:71,0
DA:73,0
DA:74,0
DA:75,0
DA:76,0
DA:78,0
DA:79,0
DA:82,0
DA:83,0
DA:84,0
DA:89,0
DA:90,0
DA:91,0
DA:108,0
DA:110,0
DA:113,0
DA:115,0
DA:116,0
DA:117,0
DA:118,0
DA:121,0
DA:123,0
DA:124,0
DA:125,0
DA:126,0
DA:127,0
DA:128,0
DA:129,0
DA:130,0
DA:131,0
DA:132,0
DA:133,0
DA:135,0
DA:139,0
DA:141,0
DA:142,0
DA:145,0
DA:147,0
DA:148,0
end_of_record
TN:
SF:/usr/include/x86_64-linux-gnu/qt5/QtCore/qscopedpointer.h
FN:116,_ZNK14QScopedPointerI11QObjectData21QScopedPointerDeleterIS0_EEptEv
FNDA:0,_ZNK14QScopedPointerI11QObjectData21QScopedPointerDeleterIS0_EEptEv
DA:116,0
DA:118,0
end_of_record
SF:/home/user/Desktop/VS projekat/2023_Analysis_timesweeper/build-TimesweeperUnitTests-Desktop-Debug/moc_Options.cpp
FN:76,_ZN7Options18qt_static_metacallEP7QObjectN11QMetaObject4CallEiPPv
FNDA:0,_ZN7Options18qt_static_metacallEP7QObjectN11QMetaObject4CallEiPPv
FN:102,_ZNK7Options10metaObjectEv
FNDA:78,_ZNK7Options10metaObjectEv
FN:107,_ZN7Options11qt_metacastEPKc
FNDA:33,_ZN7Options11qt_metacastEPKc
FN:115,_ZN7Options11qt_metacallEN11QMetaObject4CallEiPPv
FNDA:9,_ZN7Options11qt_metacallEN11QMetaObject4CallEiPPv
DA:76,0
DA:78,0
DA:79,0
DA:81,0
DA:82,0
DA:83,0
DA:84,0
DA:85,0
DA:86,0
DA:90,0
DA:102,78
DA:104,78
DA:107,33
DA:109,33
DA:110,33
DA:111,0
DA:112,33
DA:115,9
DA:117,9
DA:118,9
DA:119,9
DA:120,0
DA:121,0
DA:122,0
DA:123,0
DA:124,0
DA:125,0
DA:126,0
DA:127,0
DA:129,0
end_of_record
TN:
SF:/usr/include/x86_64-linux-gnu/qt5/QtCore/qarraydata.h
FN:57,_ZN10QArrayData4dataEv
FNDA:0,_ZN10QArrayData4dataEv
FN:208,_ZN15QTypedArrayDataI7QPointFE4dataEv
FNDA:0,_ZN15QTypedArrayDataI7QPointFE4dataEv
FN:211,_ZN15QTypedArrayDataI7QPointFE5beginEPS0_
FNDA:0,_ZN15QTypedArrayDataI7QPointFE5beginEPS0_
FN:212,_ZN15QTypedArrayDataI7QPointFE3endEPS0_
FNDA:0,_ZN15QTypedArrayDataI7QPointFE3endEPS0_
FN:236,_ZN15QTypedArrayDataI7QPointFE10deallocateEP10QArrayData
FNDA:0,_ZN15QTypedArrayDataI7QPointFE10deallocateEP10QArrayData
DA:57,0
DA:59,0
DA:61,0
DA:208,0
DA:211,0
DA:212,0
DA:236,0
DA:239,0
DA:240,0
end_of_record
SF:/usr/include/x86_64-linux-gnu/qt5/QtCore/qrefcount.h
FN:65,_ZN9QtPrivate8RefCount5derefEv
FNDA:0,_ZN9QtPrivate8RefCount5derefEv
DA:65,0
DA:66,0
DA:68,0
DA:69,0
DA:71,0
DA:72,0
DA:73,0
end_of_record
SF:/usr/include/x86_64-linux-gnu/qt5/QtGui/qpolygon.h
FN:145,_ZN9QPolygonFD2Ev
FNDA:0,_ZN9QPolygonFD2Ev
DA:145,0
end_of_record
SF:/usr/include/x86_64-linux-gnu/qt5/QtCore/qscopedpointer.h
FN:116,_ZNK14QScopedPointerI11QObjectData21QScopedPointerDeleterIS0_EEptEv
FNDA:0,_ZNK14QScopedPointerI11QObjectData21QScopedPointerDeleterIS0_EEptEv
DA:116,0
DA:118,0
end_of_record
SF:/usr/include/x86_64-linux-gnu/qt5/QtCore/qatomic_cxx11.h
FN:225,_ZN10QAtomicOpsIiE4loadIiEET_RKSt6atomicIS2_E
FNDA:0,_ZN10QAtomicOpsIiE4loadIiEET_RKSt6atomicIS2_E
FN:269,_ZN10QAtomicOpsIiE5derefIiEEbRSt6atomicIT_E
FNDA:0,_ZN10QAtomicOpsIiE5derefIiEEbRSt6atomicIT_E
DA:225,0
DA:227,0
DA:269,0
DA:271,0
end_of_record
SF:/home/user/Desktop/VS projekat/2023_Analysis_timesweeper/06-timesweeper/timesweeper/Headers/Character.h
end_of_record
SF:/usr/include/c++/9/bits/atomic_base.h
FN:99,_ZStanSt12memory_orderSt23__memory_order_modifier
FNDA:0,_ZStanSt12memory_orderSt23__memory_order_modifier
FN:326,_ZNSt13__atomic_baseIiEmmEv
FNDA:0,_ZNSt13__atomic_baseIiEmmEv
DA:99,0
DA:101,0
DA:326,0
DA:327,0
DA:415,0
DA:419,0
end_of_record
SF:/home/user/Desktop/VS projekat/2023_Analysis_timesweeper/06-timesweeper/timesweeper/Headers/PlayerCharacter.h
end_of_record
SF:/usr/include/x86_64-linux-gnu/qt5/QtCore/qvector.h
FN:73,_ZN7QVectorI7QPointFED2Ev
FNDA:0,_ZN7QVectorI7QPointFED2Ev
FN:347,_ZN7QVectorI7QPointFE8destructEPS0_S2_
FNDA:0,_ZN7QVectorI7QPointFE8destructEPS0_S2_
FN:540,_ZN7QVectorI7QPointFE8freeDataEP15QTypedArrayDataIS0_E
FNDA:0,_ZN7QVectorI7QPointFE8freeDataEP15QTypedArrayDataIS0_E
DA:73,0
DA:347,0
DA:350,0
DA:351,0
DA:354,0
DA:540,0
DA:542,0
DA:543,0
DA:544,0
end_of_record
SF:/home/user/Desktop/VS projekat/2023_Analysis_timesweeper/build-TimesweeperUnitTests-Desktop-Debug/moc_PlayerCharacter.cpp
FN:75,_ZN15PlayerCharacter18qt_static_metacallEP7QObjectN11QMetaObject4CallEiPPv
FNDA:60,_ZN15PlayerCharacter18qt_static_metacallEP7QObjectN11QMetaObject4CallEiPPv
FN:131,_ZNK15PlayerCharacter10metaObjectEv
FNDA:63,_ZNK15PlayerCharacter10metaObjectEv
FN:136,_ZN15PlayerCharacter11qt_metacastEPKc
FNDA:0,_ZN15PlayerCharacter11qt_metacastEPKc
FN:144,_ZN15PlayerCharacter11qt_metacallEN11QMetaObject4CallEiPPv
FNDA:0,_ZN15PlayerCharacter11qt_metacallEN11QMetaObject4CallEiPPv
FN:162,_ZN15PlayerCharacter13enteredPortalEv
FNDA:0,_ZN15PlayerCharacter13enteredPortalEv
FN:168,_ZN15PlayerCharacter13startDialogueEv
FNDA:0,_ZN15PlayerCharacter13startDialogueEv
FN:174,_ZN15PlayerCharacter13healthChangedEv
FNDA:0,_ZN15PlayerCharacter13healthChangedEv
FN:180,_ZN15PlayerCharacter12playerIsDeadEv
FNDA:1,_ZN15PlayerCharacter12playerIsDeadEv
DA:75,60
DA:77,60
DA:78,0
DA:80,0
DA:81,0
DA:82,0
DA:83,0
DA:84,0
DA:85,0
DA:87,60
DA:88,60
DA:91,60
DA:92,15
DA:93,15
DA:98,45
DA:99,15
DA:100,15
DA:105,30
DA:106,15
DA:107,15
DA:112,15
DA:113,15
DA:114,15
DA:131,63
DA:133,63
DA:136,0
DA:138,0
DA:139,0
DA:140,0
DA:141,0
DA:144,0
DA:146,0
DA:147,0
DA:148,0
DA:149,0
DA:150,0
DA:151,0
DA:152,0
DA:153,0
DA:154,0
DA:155,0
DA:156,0
DA:158,0
DA:162,0
DA:164,0
DA:165,0
DA:168,0
DA:170,0
DA:171,0
DA:174,0
DA:176,0
DA:177,0
DA:180,1
DA:182,1
DA:183,1
end_of_record
SF:/usr/include/x86_64-linux-gnu/qt5/QtCore/qbasicatomic.h
FN:103,_ZNK19QBasicAtomicIntegerIiE4loadEv
FNDA:0,_ZNK19QBasicAtomicIntegerIiE4loadEv
FN:115,_ZN19QBasicAtomicIntegerIiE5derefEv
FNDA:0,_ZN19QBasicAtomicIntegerIiE5derefEv
DA:103,0
DA:115,0
end_of_record
TN:
SF:/home/user/Desktop/VS projekat/2023_Analysis_timesweeper/06-timesweeper/timesweeper/Source/Character.cpp
FN:3,_ZN9CharacterC2Ev
FNDA:22,_ZN9CharacterC2Ev
DA:3,22
DA:5,22
end_of_record
TN:
SF:/usr/include/x86_64-linux-gnu/qt5/QtCore/qpoint.h
FN:287,_ZN7QPointFC2Edd
FNDA:0,_ZN7QPointFC2Edd
DA:287,0
end_of_record
SF:/usr/include/x86_64-linux-gnu/qt5/QtWidgets/qgraphicsscene.h
FN:134,_ZN14QGraphicsScene12setSceneRectEdddd
FNDA:0,_ZN14QGraphicsScene12setSceneRectEdddd
DA:134,0
DA:135,0
end_of_record
SF:/usr/include/x86_64-linux-gnu/qt5/QtWidgets/qgraphicsitem.h
FN:494,_ZN13QGraphicsItem6setPosEdd
FNDA:0,_ZN13QGraphicsItem6setPosEdd
FN:694,_ZN17QGraphicsRectItem7setRectEdddd
FNDA:0,_ZN17QGraphicsRectItem7setRectEdddd
DA:494,0
DA:495,0
DA:694,0
DA:695,0
end_of_record
SF:/usr/include/x86_64-linux-gnu/qt5/QtCore/qarraydata.h
FN:57,_ZN10QArrayData4dataEv
FNDA:0,_ZN10QArrayData4dataEv
FN:123,_ZN10QArrayData10sharedNullEv
FNDA:0,_ZN10QArrayData10sharedNullEv
FN:208,_ZN15QTypedArrayDataItE4dataEv
FNDA:0,_ZN15QTypedArrayDataItE4dataEv
FN:236,_ZN15QTypedArrayDataItE10deallocateEP10QArrayData
FNDA:0,_ZN15QTypedArrayDataItE10deallocateEP10QArrayData
FN:257,_ZN15QTypedArrayDataItE10sharedNullEv
FNDA:0,_ZN15QTypedArrayDataItE10sharedNullEv
DA:57,0
DA:59,0
DA:61,0
DA:123,0
DA:208,0
DA:236,0
DA:239,0
DA:240,0
DA:257,0
DA:260,0
end_of_record
SF:/usr/include/x86_64-linux-gnu/qt5/QtCore/qrefcount.h
FN:54,_ZN9QtPrivate8RefCount3refEv
FNDA:0,_ZN9QtPrivate8RefCount3refEv
FN:65,_ZN9QtPrivate8RefCount5derefEv
FNDA:0,_ZN9QtPrivate8RefCount5derefEv
FN:99,_ZNK9QtPrivate8RefCount8isSharedEv
FNDA:0,_ZNK9QtPrivate8RefCount8isSharedEv
DA:54,0
DA:55,0
DA:57,0
DA:58,0
DA:60,0
DA:61,0
DA:62,0
DA:65,0
DA:66,0
DA:68,0
DA:69,0
DA:71,0
DA:72,0
DA:73,0
DA:99,0
DA:101,0
DA:102,0
end_of_record
SF:/usr/include/x86_64-linux-gnu/qt5/QtCore/qchar.h
FN:86,_ZN5QCharC2Ei
FNDA:0,_ZN5QCharC2Ei
FN:452,_ZNK5QChar8toLatin1Ev
FNDA:0,_ZNK5QChar8toLatin1Ev
DA:86,0
DA:452,0
end_of_record
SF:/usr/include/x86_64-linux-gnu/qt5/QtCore/qatomic_cxx11.h
FN:225,_ZN10QAtomicOpsIiE4loadIiEET_RKSt6atomicIS2_E
FNDA:0,_ZN10QAtomicOpsIiE4loadIiEET_RKSt6atomicIS2_E
FN:263,_ZN10QAtomicOpsIiE3refIiEEbRSt6atomicIT_E
FNDA:0,_ZN10QAtomicOpsIiE3refIiEEbRSt6atomicIT_E
FN:269,_ZN10QAtomicOpsIiE5derefIiEEbRSt6atomicIT_E
FNDA:0,_ZN10QAtomicOpsIiE5derefIiEEbRSt6atomicIT_E
DA:225,0
DA:227,0
DA:263,0
DA:265,0
DA:269,0
DA:271,0
end_of_record
SF:/usr/include/x86_64-linux-gnu/qt5/QtCore/qdebug.h
FN:125,_ZN6QDebug10maybeSpaceEv
FNDA:0,_ZN6QDebug10maybeSpaceEv
FN:153,_ZN6QDebuglsEPKc
FNDA:0,_ZN6QDebuglsEPKc
DA:125,0
DA:153,0
end_of_record
SF:/usr/include/c++/9/new
FN:173,_ZnwmPv
FNDA:0,_ZnwmPv
DA:173,0
DA:174,0
end_of_record
SF:/usr/include/x86_64-linux-gnu/qt5/QtCore/qstringlist.h
FN:69,_ZN19QListSpecialMethodsI7QStringED2Ev
FNDA:0,_ZN19QListSpecialMethodsI7QStringED2Ev
DA:69,0
end_of_record
SF:/usr/include/c++/9/bits/atomic_base.h
FN:99,_ZStanSt12memory_orderSt23__memory_order_modifier
FNDA:0,_ZStanSt12memory_orderSt23__memory_order_modifier
FN:318,_ZNSt13__atomic_baseIiEppEv
FNDA:0,_ZNSt13__atomic_baseIiEppEv
FN:326,_ZNSt13__atomic_baseIiEmmEv
FNDA:0,_ZNSt13__atomic_baseIiEmmEv
DA:99,0
DA:101,0
DA:318,0
DA:319,0
DA:326,0
DA:327,0
DA:415,0
DA:419,0
end_of_record
SF:/usr/include/x86_64-linux-gnu/qt5/QtCore/qstring.h
FN:483,_ZN7QStringpLERKS_
FNDA:0,_ZN7QStringpLERKS_
FN:570,_ZN7QString8fromUtf8EPKci
FNDA:0,_ZN7QString8fromUtf8EPKci
FN:699,_ZN7QStringC2EPKc
FNDA:0,_ZN7QStringC2EPKc
FN:957,_ZN7QStringC2ERKS_
FNDA:0,_ZN7QStringC2ERKS_
FN:1042,_ZN8QCharRefC2ER7QStringi
FNDA:0,_ZN8QCharRefC2ER7QStringi
FN:1050,_ZNK8QCharRefcv5QCharEv
FNDA:0,_ZNK8QCharRefcv5QCharEv
FN:1123,_ZNK8QCharRef8toLatin1Ev
FNDA:0,_ZNK8QCharRef8toLatin1Ev
FN:1134,_ZN7QStringC2Ev
FNDA:0,_ZN7QStringC2Ev
FN:1135,_ZN7QStringD2Ev
FNDA:0,_ZN7QStringD2Ev
FN:1162,_ZN7QStringixEi
FNDA:0,_ZN7QStringixEi
FN:1356,_ZplRK7QStringPKc
FNDA:0,_ZplRK7QStringPKc
FN:1358,_ZplPKcRK7QString
FNDA:0,_ZplPKcRK7QString
DA:483,0
DA:570,0
DA:572,0
DA:699,0
DA:700,0
DA:701,0
DA:957,0
DA:958,0
DA:1042,0
DA:1043,0
DA:1050,0
DA:1051,0
DA:1123,0
DA:1134,0
DA:1135,0
DA:1162,0
DA:1163,0
DA:1356,0
DA:1357,0
DA:1358,0
DA:1359,0
end_of_record
SF:/usr/include/x86_64-linux-gnu/qt5/QtCore/qlist.h
FN:100,_ZN9QListData7disposeEv
FNDA:0,_ZN9QListData7disposeEv
FN:113,_ZNK9QListData4sizeEv
FNDA:0,_ZNK9QListData4sizeEv
FN:115,_ZNK9QListData2atEi
FNDA:0,_ZNK9QListData2atEi
FN:116,_ZNK9QListData5beginEv
FNDA:0,_ZNK9QListData5beginEv
FN:117,_ZNK9QListData3endEv
FNDA:0,_ZNK9QListData3endEv
FN:142,_ZN5QListI7QStringE4Node1tEv
FNDA:0,_ZN5QListI7QStringE4Node1tEv
FN:172,_ZN5QListI7QStringE6detachEv
FNDA:0,_ZN5QListI7QStringE6detachEv
FN:459,_ZN5QListI7QStringE9node_copyEPNS1_4NodeES3_S3_
FNDA:0,_ZN5QListI7QStringE9node_copyEPNS1_4NodeES3_S3_
FN:494,_ZN5QListI7QStringE13node_destructEPNS1_4NodeES3_
FNDA:0,_ZN5QListI7QStringE13node_destructEPNS1_4NodeES3_
FN:551,_ZN5QListI7QStringEixEi
FNDA:0,_ZN5QListI7QStringEixEi
FN:786,_ZN5QListI7QStringE13detach_helperEi
FNDA:0,_ZN5QListI7QStringE13detach_helperEi
FN:803,_ZN5QListI7QStringE13detach_helperEv
FNDA:0,_ZN5QListI7QStringE13detach_helperEv
FN:827,_ZN5QListI7QStringED2Ev
FNDA:0,_ZN5QListI7QStringED2Ev
FN:866,_ZN5QListI7QStringE7deallocEPN9QListData4DataE
FNDA:0,_ZN5QListI7QStringE7deallocEPN9QListData4DataE
DA:100,0
DA:113,0
DA:115,0
DA:116,0
DA:117,0
DA:142,0
DA:144,0
DA:172,0
DA:459,0
DA:461,0
DA:477,0
DA:478,0
DA:479,0
DA:480,0
DA:491,0
DA:494,0
DA:499,0
DA:500,0
DA:551,0
DA:552,0
DA:553,0
DA:786,0
DA:788,0
DA:789,0
DA:791,0
DA:792,0
DA:793,0
DA:794,0
DA:795,0
DA:798,0
DA:799,0
DA:800,0
DA:803,0
DA:805,0
DA:806,0
DA:827,0
DA:829,0
DA:830,0
DA:831,0
DA:866,0
DA:868,0
DA:869,0
DA:870,0
DA:871,0
end_of_record
SF:/usr/include/x86_64-linux-gnu/qt5/QtCore/qflags.h
FN:120,_ZN6QFlagsIN9QIODevice12OpenModeFlagEEC2ES1_
FNDA:0,_ZN6QFlagsIN9QIODevice12OpenModeFlagEEC2ES1_
DA:120,0
end_of_record
SF:/usr/include/x86_64-linux-gnu/qt5/QtCore/qlogging.h
FN:68,_ZN18QMessageLogContextC2EPKciS1_S1_
FNDA:0,_ZN18QMessageLogContextC2EPKciS1_S1_
FN:91,_ZN14QMessageLoggerC2EPKciS1_
FNDA:0,_ZN14QMessageLoggerC2EPKciS1_
DA:68,0
DA:69,0
DA:91,0
DA:92,0
end_of_record
SF:/usr/include/x86_64-linux-gnu/qt5/QtCore/qrect.h
FN:644,_ZN6QRectFC2Edddd
FNDA:0,_ZN6QRectFC2Edddd
DA:644,0
DA:645,0
DA:647,0
end_of_record
SF:/home/user/Desktop/VS projekat/2023_Analysis_timesweeper/06-timesweeper/timesweeper/Source/Level.cpp
FN:20,_ZN5Level9loadLevelEv
FNDA:18,_ZN5Level9loadLevelEv
FN:36,_ZN5Level14parseLevelFileE7QString
FNDA:18,_ZN5Level14parseLevelFileE7QString
FN:99,_ZN5Level9addObjectEcii
FNDA:0,_ZN5Level9addObjectEcii
FN:179,_ZN5Level11addBuildingEN8Building9BuildingsEii
FNDA:0,_ZN5Level11addBuildingEN8Building9BuildingsEii
DA:20,18
DA:23,18
DA:25,18
DA:26,18
DA:27,18
DA:29,36
DA:31,18
DA:33,36
DA:36,18
DA:39,18
DA:40,18
DA:42,18
DA:43,18
DA:45,0
DA:47,0
DA:48,0
DA:52,0
DA:55,0
DA:56,0
DA:57,0
DA:59,0
DA:61,0
DA:63,0
DA:65,0
DA:69,0
DA:74,0
DA:76,0
DA:80,0
DA:82,0
DA:83,0
DA:85,0
DA:87,0
DA:91,0
DA:96,0
DA:99,0
DA:108,0
DA:110,0
DA:111,0
DA:112,0
DA:113,0
DA:114,0
DA:115,0
DA:116,0
DA:117,0
DA:118,0
DA:119,0
DA:120,0
DA:121,0
DA:122,0
DA:123,0
DA:124,0
DA:125,0
DA:126,0
DA:127,0
DA:128,0
DA:129,0
DA:130,0
DA:131,0
DA:132,0
DA:133,0
DA:134,0
DA:135,0
DA:136,0
DA:137,0
DA:138,0
DA:139,0
DA:140,0
DA:141,0
DA:142,0
DA:143,0
DA:144,0
DA:145,0
DA:146,0
DA:147,0
DA:148,0
DA:149,0
DA:150,0
DA:151,0
DA:152,0
DA:153,0
DA:154,0
DA:155,0
DA:156,0
DA:157,0
DA:158,0
DA:159,0
DA:160,0
DA:161,0
DA:162,0
DA:163,0
DA:164,0
DA:165,0
DA:166,0
DA:167,0
DA:168,0
DA:169,0
DA:170,0
DA:171,0
DA:172,0
DA:173,0
DA:174,0
DA:175,0
DA:177,0
DA:179,0
DA:181,0
DA:182,0
DA:183,0
DA:184,0
end_of_record
SF:/usr/include/x86_64-linux-gnu/qt5/QtCore/qbasicatomic.h
FN:103,_ZNK19QBasicAtomicIntegerIiE4loadEv
FNDA:0,_ZNK19QBasicAtomicIntegerIiE4loadEv
FN:114,_ZN19QBasicAtomicIntegerIiE3refEv
FNDA:0,_ZN19QBasicAtomicIntegerIiE3refEv
FN:115,_ZN19QBasicAtomicIntegerIiE5derefEv
FNDA:0,_ZN19QBasicAtomicIntegerIiE5derefEv
DA:103,0
DA:114,0
DA:115,0
end_of_record
TN:
SF:/usr/include/x86_64-linux-gnu/qt5/QtCore/qscopedpointer.h
FN:116,_ZNK14QScopedPointerI11QObjectData21QScopedPointerDeleterIS0_EEptEv
FNDA:0,_ZNK14QScopedPointerI11QObjectData21QScopedPointerDeleterIS0_EEptEv
DA:116,0
DA:118,0
end_of_record
SF:/home/user/Desktop/VS projekat/2023_Analysis_timesweeper/build-TimesweeperUnitTests-Desktop-Debug/moc_Projectile.cpp
FN:57,_ZN10Projectile18qt_static_metacallEP7QObjectN11QMetaObject4CallEiPPv
FNDA:0,_ZN10Projectile18qt_static_metacallEP7QObjectN11QMetaObject4CallEiPPv
FN:75,_ZNK10Projectile10metaObjectEv
FNDA:0,_ZNK10Projectile10metaObjectEv
FN:80,_ZN10Projectile11qt_metacastEPKc
FNDA:0,_ZN10Projectile11qt_metacastEPKc
FN:90,_ZN10Projectile11qt_metacallEN11QMetaObject4CallEiPPv
FNDA:0,_ZN10Projectile11qt_metacallEN11QMetaObject4CallEiPPv
DA:57,0
DA:63,0
DA:75,0
DA:77,0
DA:80,0
DA:82,0
DA:83,0
DA:84,0
DA:85,0
DA:86,0
DA:87,0
DA:90,0
DA:92,0
DA:93,0
end_of_record
SF:/home/user/Desktop/VS projekat/2023_Analysis_timesweeper/06-timesweeper/timesweeper/Headers/Projectile.h
end_of_record
TN:
SF:/home/user/Desktop/VS projekat/2023_Analysis_timesweeper/build-TimesweeperUnitTests-Desktop-Debug/moc_Character.cpp
FN:57,_ZN9Character18qt_static_metacallEP7QObjectN11QMetaObject4CallEiPPv
FNDA:0,_ZN9Character18qt_static_metacallEP7QObjectN11QMetaObject4CallEiPPv
FN:75,_ZNK9Character10metaObjectEv
FNDA:0,_ZNK9Character10metaObjectEv
FN:80,_ZN9Character11qt_metacastEPKc
FNDA:0,_ZN9Character11qt_metacastEPKc
FN:90,_ZN9Character11qt_metacallEN11QMetaObject4CallEiPPv
FNDA:0,_ZN9Character11qt_metacallEN11QMetaObject4CallEiPPv
DA:57,0
DA:63,0
DA:75,0
DA:77,0
DA:80,0
DA:82,0
DA:83,0
DA:84,0
DA:85,0
DA:86,0
DA:87,0
DA:90,0
DA:92,0
DA:93,0
end_of_record
SF:/usr/include/x86_64-linux-gnu/qt5/QtCore/qscopedpointer.h
FN:116,_ZNK14QScopedPointerI11QObjectData21QScopedPointerDeleterIS0_EEptEv
FNDA:0,_ZNK14QScopedPointerI11QObjectData21QScopedPointerDeleterIS0_EEptEv
DA:116,0
DA:118,0
end_of_record
TN:
SF:/usr/include/x86_64-linux-gnu/qt5/QtCore/qscopedpointer.h
FN:116,_ZNK14QScopedPointerI11QObjectData21QScopedPointerDeleterIS0_EEptEv
FNDA:0,_ZNK14QScopedPointerI11QObjectData21QScopedPointerDeleterIS0_EEptEv
DA:116,0
DA:118,0
end_of_record
SF:/home/user/Desktop/VS projekat/2023_Analysis_timesweeper/build-TimesweeperUnitTests-Desktop-Debug/moc_EnemyHealthBar.cpp
FN:57,_ZN14EnemyHealthBar18qt_static_metacallEP7QObjectN11QMetaObject4CallEiPPv
FNDA:0,_ZN14EnemyHealthBar18qt_static_metacallEP7QObjectN11QMetaObject4CallEiPPv
FN:75,_ZNK14EnemyHealthBar10metaObjectEv
FNDA:0,_ZNK14EnemyHealthBar10metaObjectEv
FN:80,_ZN14EnemyHealthBar11qt_metacastEPKc
FNDA:0,_ZN14EnemyHealthBar11qt_metacastEPKc
FN:90,_ZN14EnemyHealthBar11qt_metacallEN11QMetaObject4CallEiPPv
FNDA:0,_ZN14EnemyHealthBar11qt_metacallEN11QMetaObject4CallEiPPv
DA:57,0
DA:63,0
DA:75,0
DA:77,0
DA:80,0
DA:82,0
DA:83,0
DA:84,0
DA:85,0
DA:86,0
DA:87,0
DA:90,0
DA:92,0
DA:93,0
end_of_record
TN:
SF:/usr/include/x86_64-linux-gnu/qt5/QtCore/qflags.h
FN:120,_ZN6QFlagsIN2Qt19ImageConversionFlagEEC2ES1_
FNDA:0,_ZN6QFlagsIN2Qt19ImageConversionFlagEEC2ES1_
FN:121,_ZN6QFlagsIN2Qt10WindowTypeEEC2EMNS2_7PrivateEi
FNDA:53,_ZN6QFlagsIN2Qt10WindowTypeEEC2EMNS2_7PrivateEi
DA:120,0
DA:121,53
end_of_record
SF:/usr/include/x86_64-linux-gnu/qt5/QtCore/qbasicatomic.h
FN:103,_ZNK19QBasicAtomicIntegerIiE4loadEv
FNDA:0,_ZNK19QBasicAtomicIntegerIiE4loadEv
FN:115,_ZN19QBasicAtomicIntegerIiE5derefEv
FNDA:0,_ZN19QBasicAtomicIntegerIiE5derefEv
FN:221,_ZN19QBasicAtomicIntegerIiEC2Ei
FNDA:69,_ZN19QBasicAtomicIntegerIiEC2Ei
DA:103,0
DA:115,0
DA:221,69
end_of_record
SF:/usr/include/x86_64-linux-gnu/qt5/QtCore/qrect.h
FN:184,_ZN5QRectC2Eiiii
FNDA:0,_ZN5QRectC2Eiiii
FN:265,_ZNK5QRect5widthEv
FNDA:0,_ZNK5QRect5widthEv
FN:268,_ZNK5QRect6heightEv
FNDA:0,_ZNK5QRect6heightEv
FN:743,_ZNK6QRectF6heightEv
FNDA:0,_ZNK6QRectF6heightEv
DA:184,0
DA:185,0
DA:265,0
DA:266,0
DA:268,0
DA:269,0
DA:743,0
DA:744,0
end_of_record
SF:/usr/include/x86_64-linux-gnu/qt5/QtWidgets/qwidget.h
FN:841,_ZN7QWidget11setGeometryEiiii
FNDA:45,_ZN7QWidget11setGeometryEiiii
FN:853,_ZNK7QWidget5widthEv
FNDA:0,_ZNK7QWidget5widthEv
FN:856,_ZNK7QWidget6heightEv
FNDA:0,_ZNK7QWidget6heightEv
DA:841,45
DA:842,45
DA:853,0
DA:854,0
DA:856,0
DA:857,0
end_of_record
SF:/usr/include/x86_64-linux-gnu/qt5/QtCore/qobject_impl.h
FN:73,_ZN9QtPrivate15ConnectionTypesINS_4ListIJEEELb1EE5typesEv
FNDA:15,_ZN9QtPrivate15ConnectionTypesINS_4ListIJEEELb1EE5typesEv
DA:73,15
end_of_record
SF:/usr/include/c++/9/atomic
FN:759,_ZNSt6atomicIiEC2Ei
FNDA:69,_ZNSt6atomicIiEC2Ei
DA:759,69
end_of_record
SF:/usr/include/c++/9/bits/atomic_base.h
FN:99,_ZStanSt12memory_orderSt23__memory_order_modifier
FNDA:0,_ZStanSt12memory_orderSt23__memory_order_modifier
FN:279,_ZNSt13__atomic_baseIiEC2Ei
FNDA:69,_ZNSt13__atomic_baseIiEC2Ei
FN:326,_ZNSt13__atomic_baseIiEmmEv
FNDA:0,_ZNSt13__atomic_baseIiEmmEv
DA:99,0
DA:101,0
DA:279,69
DA:326,0
DA:327,0
DA:415,0
DA:419,0
end_of_record
SF:/usr/include/x86_64-linux-gnu/qt5/QtCore/qstring.h
FN:699,_ZN7QStringC2EPKc
FNDA:0,_ZN7QStringC2EPKc
FN:1135,_ZN7QStringD2Ev
FNDA:0,_ZN7QStringD2Ev
DA:699,0
DA:700,0
DA:701,0
DA:1135,0
end_of_record
SF:/usr/include/x86_64-linux-gnu/qt5/QtCore/qobjectdefs_impl.h
FN:88,_ZN9QtPrivate16ApplyReturnValueIvEC2EPv
FNDA:0,_ZN9QtPrivate16ApplyReturnValueIvEC2EPv
FN:151,_ZN9QtPrivate11FunctorCallINS_11IndexesListIJEEENS_4ListIJEEEvM4GameFvvEE4callES7_PS5_PPv
FNDA:0,_ZN9QtPrivate11FunctorCallINS_11IndexesListIJEEENS_4ListIJEEEvM4GameFvvEE4callES7_PS5_PPv
FN:184,_ZN9QtPrivate15FunctionPointerIM4GameFvvEE4callINS_4ListIJEEEvEEvS3_PS1_PPv
FNDA:0,_ZN9QtPrivate15FunctionPointerIM4GameFvvEE4callINS_4ListIJEEEvEEvS3_PS1_PPv
FN:387,_ZN9QtPrivate15QSlotObjectBaseC2EPFviPS0_P7QObjectPPvPbE
FNDA:69,_ZN9QtPrivate15QSlotObjectBaseC2EPFviPS0_P7QObjectPPvPbE
FN:396,_ZN9QtPrivate15QSlotObjectBaseD2Ev
FNDA:64,_ZN9QtPrivate15QSlotObjectBaseD2Ev
FN:407,_ZN9QtPrivate11QSlotObjectIM4GameFvvENS_4ListIJEEEvE4implEiPNS_15QSlotObjectBaseEP7QObjectPPvPb
FNDA:60,_ZN9QtPrivate11QSlotObjectIM4GameFvvENS_4ListIJEEEvE4implEiPNS_15QSlotObjectBaseEP7QObjectPPvPb
FN:423,_ZN9QtPrivate11QSlotObjectIM4GameFvvENS_4ListIJEEEvEC2ES3_
FNDA:60,_ZN9QtPrivate11QSlotObjectIM4GameFvvENS_4ListIJEEEvEC2ES3_
DA:88,0
DA:151,0
DA:152,0
DA:153,0
DA:184,0
DA:185,0
DA:186,0
DA:387,69
DA:396,64
DA:407,60
DA:409,60
DA:410,60
DA:411,60
DA:412,60
DA:413,0
DA:414,0
DA:415,0
DA:416,0
DA:417,0
DA:418,0
DA:419,60
DA:421,60
DA:423,60
end_of_record
SF:/home/user/Desktop/VS projekat/2023_Analysis_timesweeper/06-timesweeper/timesweeper/Headers/Character.h
end_of_record
SF:/home/user/Desktop/VS projekat/2023_Analysis_timesweeper/06-timesweeper/timesweeper/Source/EnemyBoss.cpp
FN:7,_ZN9EnemyBossC2Ev
FNDA:0,_ZN9EnemyBossC2Ev
FN:15,_ZN9EnemyBoss8setLivesEi
FNDA:0,_ZN9EnemyBoss8setLivesEi
FN:17,_ZNK9EnemyBoss8getLivesEv
FNDA:0,_ZNK9EnemyBoss8getLivesEv
FN:19,_ZN9EnemyBoss13drawHealthBarEv
FNDA:0,_ZN9EnemyBoss13drawHealthBarEv
FN:43,_ZN9EnemyBoss7advanceEi
FNDA:0,_ZN9EnemyBoss7advanceEi
FN:49,_ZN9EnemyBoss4moveEv
FNDA:0,_ZN9EnemyBoss4moveEv
FN:65,_ZN9EnemyBoss14decreaseHealthEv
FNDA:0,_ZN9EnemyBoss14decreaseHealthEv
DA:7,0
DA:9,0
DA:10,0
DA:11,0
DA:12,0
DA:13,0
DA:15,0
DA:17,0
DA:19,0
DA:21,0
DA:22,0
DA:23,0
DA:26,0
DA:28,0
DA:29,0
DA:30,0
DA:31,0
DA:32,0
DA:33,0
DA:34,0
DA:37,0
DA:39,0
DA:40,0
DA:41,0
DA:43,0
DA:45,0
DA:46,0
DA:47,0
DA:49,0
DA:52,0
DA:54,0
DA:55,0
DA:59,0
DA:61,0
DA:63,0
DA:65,0
DA:67,0
DA:68,0
DA:70,0
DA:72,0
DA:74,0
DA:76,0
DA:79,0
DA:81,0
DA:83,0
DA:84,0
DA:86,0
end_of_record
SF:/home/user/Desktop/VS projekat/2023_Analysis_timesweeper/06-timesweeper/timesweeper/Headers/EnemyBoss.h
end_of_record
SF:/usr/include/x86_64-linux-gnu/qt5/QtCore/qpoint.h
FN:287,_ZN7QPointFC2Edd
FNDA:0,_ZN7QPointFC2Edd
FN:301,_ZNK7QPointF1xEv
FNDA:0,_ZNK7QPointF1xEv
FN:306,_ZNK7QPointF1yEv
FNDA:0,_ZNK7QPointF1yEv
DA:287,0
DA:301,0
DA:303,0
DA:306,0
DA:308,0
end_of_record
SF:/usr/include/x86_64-linux-gnu/qt5/QtCore/qrefcount.h
FN:65,_ZN9QtPrivate8RefCount5derefEv
FNDA:0,_ZN9QtPrivate8RefCount5derefEv
DA:65,0
DA:66,0
DA:68,0
DA:69,0
DA:71,0
DA:72,0
DA:73,0
end_of_record
SF:/usr/include/x86_64-linux-gnu/qt5/QtCore/qarraydata.h
FN:236,_ZN15QTypedArrayDataItE10deallocateEP10QArrayData
FNDA:0,_ZN15QTypedArrayDataItE10deallocateEP10QArrayData
DA:236,0
DA:239,0
DA:240,0
end_of_record
SF:/usr/include/x86_64-linux-gnu/qt5/QtWidgets/qgraphicsitem.h
FN:273,_ZNK13QGraphicsItem1xEv
FNDA:0,_ZNK13QGraphicsItem1xEv
FN:275,_ZNK13QGraphicsItem1yEv
FNDA:0,_ZNK13QGraphicsItem1yEv
FN:494,_ZN13QGraphicsItem6setPosEdd
FNDA:0,_ZN13QGraphicsItem6setPosEdd
DA:273,0
DA:275,0
DA:494,0
DA:495,0
end_of_record
SF:/usr/include/x86_64-linux-gnu/qt5/QtCore/qobject.h
FN:228,_ZN7QObject7connectIM9EnemyBossFvvEM4GameFvvEEEN11QMetaObject10ConnectionEPKN9QtPrivate15FunctionPointerIT_E6ObjectESB_PKNSA_IT0_E6ObjectESG_N2Qt14ConnectionTypeE
FNDA:0,_ZN7QObject7connectIM9EnemyBossFvvEM4GameFvvEEEN11QMetaObject10ConnectionEPKN9QtPrivate15FunctionPointerIT_E6ObjectESB_PKNSA_IT0_E6ObjectESG_N2Qt14ConnectionTypeE
DA:228,0
DA:246,0
DA:247,0
DA:248,0
DA:252,0
DA:254,0
end_of_record
SF:/usr/include/x86_64-linux-gnu/qt5/QtCore/qatomic_cxx11.h
FN:225,_ZN10QAtomicOpsIiE4loadIiEET_RKSt6atomicIS2_E
FNDA:0,_ZN10QAtomicOpsIiE4loadIiEET_RKSt6atomicIS2_E
FN:269,_ZN10QAtomicOpsIiE5derefIiEEbRSt6atomicIT_E
FNDA:0,_ZN10QAtomicOpsIiE5derefIiEEbRSt6atomicIT_E
DA:225,0
DA:227,0
DA:269,0
DA:271,0
end_of_record
SF:/usr/include/x86_64-linux-gnu/qt5/QtCore/qatomic.h
FN:60,_ZN14QAtomicIntegerIiEC2Ei
FNDA:69,_ZN14QAtomicIntegerIiEC2Ei
FN:162,_ZN10QAtomicIntC2Ei
FNDA:69,_ZN10QAtomicIntC2Ei
DA:60,69
DA:162,69
end_of_record
TN:
SF:/usr/include/x86_64-linux-gnu/qt5/QtCore/qpoint.h
FN:287,_ZN7QPointFC2Edd
FNDA:0,_ZN7QPointFC2Edd
FN:301,_ZNK7QPointF1xEv
FNDA:0,_ZNK7QPointF1xEv
FN:306,_ZNK7QPointF1yEv
FNDA:0,_ZNK7QPointF1yEv
DA:287,0
DA:301,0
DA:303,0
DA:306,0
DA:308,0
end_of_record
SF:/usr/include/x86_64-linux-gnu/qt5/QtWidgets/qgraphicsitem.h
FN:273,_ZNK13QGraphicsItem1xEv
FNDA:0,_ZNK13QGraphicsItem1xEv
FN:275,_ZNK13QGraphicsItem1yEv
FNDA:0,_ZNK13QGraphicsItem1yEv
FN:494,_ZN13QGraphicsItem6setPosEdd
FNDA:0,_ZN13QGraphicsItem6setPosEdd
FN:694,_ZN17QGraphicsRectItem7setRectEdddd
FNDA:0,_ZN17QGraphicsRectItem7setRectEdddd
DA:273,0
DA:275,0
DA:494,0
DA:495,0
DA:694,0
DA:695,0
end_of_record
SF:/usr/include/x86_64-linux-gnu/qt5/QtCore/qarraydata.h
FN:236,_ZN15QTypedArrayDataItE10deallocateEP10QArrayData
FNDA:0,_ZN15QTypedArrayDataItE10deallocateEP10QArrayData
DA:236,0
DA:239,0
DA:240,0
end_of_record
SF:/usr/include/x86_64-linux-gnu/qt5/QtCore/qrefcount.h
FN:65,_ZN9QtPrivate8RefCount5derefEv
FNDA:0,_ZN9QtPrivate8RefCount5derefEv
DA:65,0
DA:66,0
DA:68,0
DA:69,0
DA:71,0
DA:72,0
DA:73,0
end_of_record
SF:/usr/include/x86_64-linux-gnu/qt5/QtCore/qatomic_cxx11.h
FN:225,_ZN10QAtomicOpsIiE4loadIiEET_RKSt6atomicIS2_E
FNDA:0,_ZN10QAtomicOpsIiE4loadIiEET_RKSt6atomicIS2_E
FN:269,_ZN10QAtomicOpsIiE5derefIiEEbRSt6atomicIT_E
FNDA:0,_ZN10QAtomicOpsIiE5derefIiEEbRSt6atomicIT_E
DA:225,0
DA:227,0
DA:269,0
DA:271,0
end_of_record
SF:/usr/include/c++/9/iostream
end_of_record
SF:/home/user/Desktop/VS projekat/2023_Analysis_timesweeper/06-timesweeper/timesweeper/Headers/Character.h
end_of_record
SF:/home/user/Desktop/VS projekat/2023_Analysis_timesweeper/06-timesweeper/timesweeper/Source/EnemyCharacter.cpp
FN:10,_ZN14EnemyCharacterC2Ev
FNDA:0,_ZN14EnemyCharacterC2Ev
FN:20,_ZN14EnemyCharacterD0Ev
FNDA:0,_ZN14EnemyCharacterD0Ev
FN:20,_ZN14EnemyCharacterD2Ev
FNDA:0,_ZN14EnemyCharacterD2Ev
FN:25,_ZNK14EnemyCharacter8getLivesEv
FNDA:0,_ZNK14EnemyCharacter8getLivesEv
FN:27,_ZN14EnemyCharacter8setLivesEi
FNDA:0,_ZN14EnemyCharacter8setLivesEi
FN:29,_ZNK14EnemyCharacter11getHealtBarEv
FNDA:0,_ZNK14EnemyCharacter11getHealtBarEv
FN:31,_ZN14EnemyCharacter7advanceEi
FNDA:0,_ZN14EnemyCharacter7advanceEi
FN:41,_ZN14EnemyCharacter4moveEv
FNDA:0,_ZN14EnemyCharacter4moveEv
FN:87,_ZN14EnemyCharacter5shootEv
FNDA:0,_ZN14EnemyCharacter5shootEv
FN:128,_ZN14EnemyCharacter14decreaseHealthEv
FNDA:0,_ZN14EnemyCharacter14decreaseHealthEv
DA:10,0
DA:12,0
DA:15,0
DA:16,0
DA:17,0
DA:18,0
DA:20,0
DA:23,0
DA:20,0
DA:22,0
DA:23,0
DA:25,0
DA:27,0
DA:29,0
DA:31,0
DA:33,0
DA:34,0
DA:35,0
DA:36,0
DA:38,0
DA:41,0
DA:43,0
DA:45,0
DA:47,0
DA:49,0
DA:51,0
DA:52,0
DA:53,0
DA:54,0
DA:56,0
DA:57,0
DA:59,0
DA:60,0
DA:64,0
DA:66,0
DA:68,0
DA:70,0
DA:72,0
DA:73,0
DA:74,0
DA:75,0
DA:77,0
DA:78,0
DA:80,0
DA:81,0
DA:85,0
DA:87,0
DA:89,0
DA:90,0
DA:92,0
DA:94,0
DA:95,0
DA:97,0
DA:99,0
DA:100,0
DA:101,0
DA:102,0
DA:103,0
DA:108,0
DA:109,0
DA:111,0
DA:113,0
DA:114,0
DA:115,0
DA:116,0
DA:122,0
DA:125,0
DA:126,0
DA:128,0
DA:130,0
DA:132,0
DA:133,0
DA:134,0
DA:136,0
DA:138,0
DA:139,0
DA:140,0
DA:144,0
DA:146,0
end_of_record
SF:/usr/include/c++/9/bits/atomic_base.h
FN:99,_ZStanSt12memory_orderSt23__memory_order_modifier
FNDA:0,_ZStanSt12memory_orderSt23__memory_order_modifier
FN:326,_ZNSt13__atomic_baseIiEmmEv
FNDA:0,_ZNSt13__atomic_baseIiEmmEv
DA:99,0
DA:101,0
DA:326,0
DA:327,0
DA:415,0
DA:419,0
end_of_record
SF:/home/user/Desktop/VS projekat/2023_Analysis_timesweeper/06-timesweeper/timesweeper/Headers/EnemyCharacter.h
end_of_record
SF:/usr/include/x86_64-linux-gnu/qt5/QtCore/qstring.h
FN:699,_ZN7QStringC2EPKc
FNDA:0,_ZN7QStringC2EPKc
FN:1135,_ZN7QStringD2Ev
FNDA:0,_ZN7QStringD2Ev
DA:699,0
DA:700,0
DA:701,0
DA:1135,0
end_of_record
SF:/usr/include/x86_64-linux-gnu/qt5/QtCore/qflags.h
FN:120,_ZN6QFlagsIN2Qt19ImageConversionFlagEEC2ES1_
FNDA:0,_ZN6QFlagsIN2Qt19ImageConversionFlagEEC2ES1_
DA:120,0
end_of_record
SF:/usr/include/x86_64-linux-gnu/qt5/QtCore/qrect.h
FN:644,_ZN6QRectFC2Edddd
FNDA:0,_ZN6QRectFC2Edddd
DA:644,0
DA:645,0
DA:647,0
end_of_record
SF:/usr/include/x86_64-linux-gnu/qt5/QtCore/qbasicatomic.h
FN:103,_ZNK19QBasicAtomicIntegerIiE4loadEv
FNDA:0,_ZNK19QBasicAtomicIntegerIiE4loadEv
FN:115,_ZN19QBasicAtomicIntegerIiE5derefEv
FNDA:0,_ZN19QBasicAtomicIntegerIiE5derefEv
DA:103,0
DA:115,0
end_of_record
SF:/usr/include/c++/9/bits/std_abs.h
FN:71,_ZSt3absd
FNDA:0,_ZSt3absd
DA:71,0
DA:72,0
end_of_record
TN:
SF:/usr/include/x86_64-linux-gnu/qt5/QtCore/qscopedpointer.h
FN:116,_ZNK14QScopedPointerI11QObjectData21QScopedPointerDeleterIS0_EEptEv
FNDA:0,_ZNK14QScopedPointerI11QObjectData21QScopedPointerDeleterIS0_EEptEv
DA:116,0
DA:118,0
end_of_record
SF:/home/user/Desktop/VS projekat/2023_Analysis_timesweeper/build-TimesweeperUnitTests-Desktop-Debug/moc_Help.cpp
FN:65,_ZN4Help18qt_static_metacallEP7QObjectN11QMetaObject4CallEiPPv
FNDA:0,_ZN4Help18qt_static_metacallEP7QObjectN11QMetaObject4CallEiPPv
FN:88,_ZNK4Help10metaObjectEv
FNDA:39,_ZNK4Help10metaObjectEv
FN:93,_ZN4Help11qt_metacastEPKc
FNDA:15,_ZN4Help11qt_metacastEPKc
FN:101,_ZN4Help11qt_metacallEN11QMetaObject4CallEiPPv
FNDA:3,_ZN4Help11qt_metacallEN11QMetaObject4CallEiPPv
DA:65,0
DA:67,0
DA:68,0
DA:70,0
DA:71,0
DA:72,0
DA:76,0
DA:88,39
DA:90,39
DA:93,15
DA:95,15
DA:96,15
DA:97,0
DA:98,15
DA:101,3
DA:103,3
DA:104,3
DA:105,3
DA:106,0
DA:107,0
DA:108,0
DA:109,0
DA:110,0
DA:111,0
DA:112,0
DA:113,0
DA:115,0
end_of_record
TN:
SF:/usr/include/x86_64-linux-gnu/qt5/QtCore/qatomic_cxx11.h
FN:225,_ZN10QAtomicOpsIiE4loadIiEET_RKSt6atomicIS2_E
FNDA:0,_ZN10QAtomicOpsIiE4loadIiEET_RKSt6atomicIS2_E
FN:269,_ZN10QAtomicOpsIiE5derefIiEEbRSt6atomicIT_E
FNDA:0,_ZN10QAtomicOpsIiE5derefIiEEbRSt6atomicIT_E
DA:225,0
DA:227,0
DA:269,0
DA:271,0
end_of_record
SF:/usr/include/x86_64-linux-gnu/qt5/QtCore/qpoint.h
FN:287,_ZN7QPointFC2Edd
FNDA:0,_ZN7QPointFC2Edd
FN:301,_ZNK7QPointF1xEv
FNDA:0,_ZNK7QPointF1xEv
FN:306,_ZNK7QPointF1yEv
FNDA:0,_ZNK7QPointF1yEv
DA:287,0
DA:301,0
DA:303,0
DA:306,0
DA:308,0
end_of_record
SF:/usr/include/x86_64-linux-gnu/qt5/QtCore/qrefcount.h
FN:65,_ZN9QtPrivate8RefCount5derefEv
FNDA:0,_ZN9QtPrivate8RefCount5derefEv
DA:65,0
DA:66,0
DA:68,0
DA:69,0
DA:71,0
DA:72,0
DA:73,0
end_of_record
SF:/usr/include/x86_64-linux-gnu/qt5/QtWidgets/qgraphicsitem.h
FN:273,_ZNK13QGraphicsItem1xEv
FNDA:0,_ZNK13QGraphicsItem1xEv
FN:275,_ZNK13QGraphicsItem1yEv
FNDA:0,_ZNK13QGraphicsItem1yEv
FN:494,_ZN13QGraphicsItem6setPosEdd
FNDA:0,_ZN13QGraphicsItem6setPosEdd
DA:273,0
DA:275,0
DA:494,0
DA:495,0
end_of_record
SF:/usr/include/x86_64-linux-gnu/qt5/QtCore/qarraydata.h
FN:236,_ZN15QTypedArrayDataItE10deallocateEP10QArrayData
FNDA:0,_ZN15QTypedArrayDataItE10deallocateEP10QArrayData
DA:236,0
DA:239,0
DA:240,0
end_of_record
SF:/usr/include/x86_64-linux-gnu/qt5/QtCore/qbasicatomic.h
FN:103,_ZNK19QBasicAtomicIntegerIiE4loadEv
FNDA:0,_ZNK19QBasicAtomicIntegerIiE4loadEv
FN:115,_ZN19QBasicAtomicIntegerIiE5derefEv
FNDA:0,_ZN19QBasicAtomicIntegerIiE5derefEv
DA:103,0
DA:115,0
end_of_record
SF:/usr/include/x86_64-linux-gnu/qt5/QtCore/qflags.h
FN:120,_ZN6QFlagsIN2Qt19ImageConversionFlagEEC2ES1_
FNDA:0,_ZN6QFlagsIN2Qt19ImageConversionFlagEEC2ES1_
DA:120,0
end_of_record
SF:/home/user/Desktop/VS projekat/2023_Analysis_timesweeper/06-timesweeper/timesweeper/Source/Tile.cpp
FN:7,_ZN4TileC2Ec
FNDA:0,_ZN4TileC2Ec
FN:18,_ZNK4Tile7getTypeEv
FNDA:0,_ZNK4Tile7getTypeEv
FN:20,_ZN4Tile8drawTileEv
FNDA:0,_ZN4Tile8drawTileEv
FN:212,_ZN4Tile7advanceEi
FNDA:0,_ZN4Tile7advanceEi
FN:221,_ZN4Tile4moveEv
FNDA:0,_ZN4Tile4moveEv
DA:7,0
DA:8,0
DA:11,0
DA:12,0
DA:13,0
DA:15,0
DA:16,0
DA:18,0
DA:20,0
DA:22,0
DA:24,0
DA:26,0
DA:28,0
DA:30,0
DA:32,0
DA:34,0
DA:36,0
DA:38,0
DA:40,0
DA:42,0
DA:44,0
DA:46,0
DA:48,0
DA:50,0
DA:52,0
DA:54,0
DA:57,0
DA:59,0
DA:61,0
DA:63,0
DA:65,0
DA:67,0
DA:69,0
DA:71,0
DA:73,0
DA:75,0
DA:77,0
DA:79,0
DA:81,0
DA:83,0
DA:85,0
DA:87,0
DA:89,0
DA:91,0
DA:93,0
DA:95,0
DA:97,0
DA:99,0
DA:101,0
DA:103,0
DA:105,0
DA:107,0
DA:109,0
DA:111,0
DA:113,0
DA:116,0
DA:118,0
DA:120,0
DA:122,0
DA:124,0
DA:126,0
DA:128,0
DA:130,0
DA:132,0
DA:134,0
DA:136,0
DA:138,0
DA:140,0
DA:142,0
DA:144,0
DA:146,0
DA:148,0
DA:150,0
DA:152,0
DA:154,0
DA:156,0
DA:158,0
DA:160,0
DA:162,0
DA:164,0
DA:166,0
DA:168,0
DA:170,0
DA:172,0
DA:174,0
DA:176,0
DA:178,0
DA:180,0
DA:182,0
DA:184,0
DA:186,0
DA:188,0
DA:190,0
DA:192,0
DA:195,0
DA:197,0
DA:199,0
DA:201,0
DA:203,0
DA:205,0
DA:207,0
DA:210,0
DA:212,0
DA:214,0
DA:215,0
DA:217,0
DA:219,0
DA:221,0
DA:223,0
DA:225,0
DA:227,0
DA:229,0
DA:233,0
DA:235,0
DA:236,0
DA:238,0
DA:239,0
DA:243,0
DA:245,0
DA:247,0
DA:249,0
DA:253,0
DA:255,0
DA:256,0
DA:258,0
DA:259,0
DA:263,0
end_of_record
SF:/usr/include/x86_64-linux-gnu/qt5/QtCore/qstring.h
FN:699,_ZN7QStringC2EPKc
FNDA:0,_ZN7QStringC2EPKc
FN:1135,_ZN7QStringD2Ev
FNDA:0,_ZN7QStringD2Ev
DA:699,0
DA:700,0
DA:701,0
DA:1135,0
end_of_record
SF:/home/user/Desktop/VS projekat/2023_Analysis_timesweeper/06-timesweeper/timesweeper/Headers/Tile.h
end_of_record
SF:/usr/include/c++/9/bits/atomic_base.h
FN:99,_ZStanSt12memory_orderSt23__memory_order_modifier
FNDA:0,_ZStanSt12memory_orderSt23__memory_order_modifier
FN:326,_ZNSt13__atomic_baseIiEmmEv
FNDA:0,_ZNSt13__atomic_baseIiEmmEv
DA:99,0
DA:101,0
DA:326,0
DA:327,0
DA:415,0
DA:419,0
end_of_record
TN:
SF:/usr/include/x86_64-linux-gnu/qt5/QtCore/qflags.h
FN:120,_ZN6QFlagsIN2Qt19ImageConversionFlagEEC2ES1_
FNDA:93,_ZN6QFlagsIN2Qt19ImageConversionFlagEEC2ES1_
DA:120,93
end_of_record
SF:/home/user/Desktop/VS projekat/2023_Analysis_timesweeper/06-timesweeper/timesweeper/Headers/Building.h
end_of_record
SF:/usr/include/x86_64-linux-gnu/qt5/QtCore/qbasicatomic.h
FN:103,_ZNK19QBasicAtomicIntegerIiE4loadEv
FNDA:0,_ZNK19QBasicAtomicIntegerIiE4loadEv
FN:115,_ZN19QBasicAtomicIntegerIiE5derefEv
FNDA:0,_ZN19QBasicAtomicIntegerIiE5derefEv
DA:103,0
DA:115,0
end_of_record
SF:/home/user/Desktop/VS projekat/2023_Analysis_timesweeper/06-timesweeper/timesweeper/Source/Building.cpp
FN:3,_ZN8BuildingC2ENS_9BuildingsE
FNDA:0,_ZN8BuildingC2ENS_9BuildingsE
DA:3,0
DA:5,0
DA:7,0
DA:9,0
DA:11,0
DA:13,0
DA:15,0
DA:17,0
DA:19,0
DA:21,0
DA:23,0
DA:25,0
DA:27,0
DA:29,0
DA:31,0
DA:33,0
DA:35,0
DA:37,0
end_of_record
SF:/usr/include/c++/9/bits/atomic_base.h
FN:99,_ZStanSt12memory_orderSt23__memory_order_modifier
FNDA:0,_ZStanSt12memory_orderSt23__memory_order_modifier
FN:326,_ZNSt13__atomic_baseIiEmmEv
FNDA:0,_ZNSt13__atomic_baseIiEmmEv
DA:99,0
DA:101,0
DA:326,0
DA:327,0
DA:415,0
DA:419,0
end_of_record
SF:/usr/include/x86_64-linux-gnu/qt5/QtCore/qstring.h
FN:699,_ZN7QStringC2EPKc
FNDA:133,_ZN7QStringC2EPKc
FN:1135,_ZN7QStringD2Ev
FNDA:0,_ZN7QStringD2Ev
DA:699,133
DA:700,133
DA:701,133
DA:1135,0
end_of_record
SF:/usr/include/x86_64-linux-gnu/qt5/QtCore/qarraydata.h
FN:236,_ZN15QTypedArrayDataItE10deallocateEP10QArrayData
FNDA:0,_ZN15QTypedArrayDataItE10deallocateEP10QArrayData
DA:236,0
DA:239,0
DA:240,0
end_of_record
SF:/usr/include/x86_64-linux-gnu/qt5/QtCore/qrefcount.h
FN:65,_ZN9QtPrivate8RefCount5derefEv
FNDA:0,_ZN9QtPrivate8RefCount5derefEv
DA:65,0
DA:66,0
DA:68,0
DA:69,0
DA:71,0
DA:72,0
DA:73,0
end_of_record
SF:/usr/include/x86_64-linux-gnu/qt5/QtCore/qatomic_cxx11.h
FN:225,_ZN10QAtomicOpsIiE4loadIiEET_RKSt6atomicIS2_E
FNDA:0,_ZN10QAtomicOpsIiE4loadIiEET_RKSt6atomicIS2_E
FN:269,_ZN10QAtomicOpsIiE5derefIiEEbRSt6atomicIT_E
FNDA:0,_ZN10QAtomicOpsIiE5derefIiEEbRSt6atomicIT_E
DA:225,0
DA:227,0
DA:269,0
DA:271,0
end_of_record
TN:
SF:/usr/include/x86_64-linux-gnu/qt5/QtCore/qobjectdefs_impl.h
FN:88,_ZN9QtPrivate16ApplyReturnValueIvEC2EPv
FNDA:0,_ZN9QtPrivate16ApplyReturnValueIvEC2EPv
FN:151,_ZN9QtPrivate11FunctorCallINS_11IndexesListIJEEENS_4ListIJEEEvM4MenuFvvEE4callES7_PS5_PPv
FNDA:0,_ZN9QtPrivate11FunctorCallINS_11IndexesListIJEEENS_4ListIJEEEvM4MenuFvvEE4callES7_PS5_PPv
FN:184,_ZN9QtPrivate15FunctionPointerIM4MenuFvvEE4callINS_4ListIJEEEvEEvS3_PS1_PPv
FNDA:0,_ZN9QtPrivate15FunctionPointerIM4MenuFvvEE4callINS_4ListIJEEEvEEvS3_PS1_PPv
FN:387,_ZN9QtPrivate15QSlotObjectBaseC2EPFviPS0_P7QObjectPPvPbE
FNDA:0,_ZN9QtPrivate15QSlotObjectBaseC2EPFviPS0_P7QObjectPPvPbE
FN:396,_ZN9QtPrivate15QSlotObjectBaseD2Ev
FNDA:0,_ZN9QtPrivate15QSlotObjectBaseD2Ev
FN:407,_ZN9QtPrivate11QSlotObjectIM4MenuFvvENS_4ListIJEEEvE4implEiPNS_15QSlotObjectBaseEP7QObjectPPvPb
FNDA:4,_ZN9QtPrivate11QSlotObjectIM4MenuFvvENS_4ListIJEEEvE4implEiPNS_15QSlotObjectBaseEP7QObjectPPvPb
FN:423,_ZN9QtPrivate11QSlotObjectIM4MenuFvvENS_4ListIJEEEvEC2ES3_
FNDA:4,_ZN9QtPrivate11QSlotObjectIM4MenuFvvENS_4ListIJEEEvEC2ES3_
DA:88,0
DA:151,0
DA:152,0
DA:153,0
DA:184,0
DA:185,0
DA:186,0
DA:387,0
DA:396,0
DA:407,4
DA:409,4
DA:410,4
DA:411,4
DA:412,4
DA:413,0
DA:414,0
DA:415,0
DA:416,0
DA:417,0
DA:418,0
DA:419,4
DA:421,4
DA:423,4
end_of_record
SF:/usr/include/x86_64-linux-gnu/qt5/QtCore/qstring.h
FN:570,_ZN7QString8fromUtf8EPKci
FNDA:0,_ZN7QString8fromUtf8EPKci
FN:699,_ZN7QStringC2EPKc
FNDA:0,_ZN7QStringC2EPKc
FN:941,_ZNK7QString7isEmptyEv
FNDA:0,_ZNK7QString7isEmptyEv
FN:1134,_ZN7QStringC2Ev
FNDA:0,_ZN7QStringC2Ev
FN:1135,_ZN7QStringD2Ev
FNDA:0,_ZN7QStringD2Ev
DA:570,0
DA:572,0
DA:699,0
DA:700,0
DA:701,0
DA:941,0
DA:942,0
DA:1134,0
DA:1135,0
end_of_record
SF:/home/user/Desktop/VS projekat/2023_Analysis_timesweeper/build-TimesweeperUnitTests-Desktop-Debug/ui_Menu.h
FN:27,_ZN7Ui_Menu7setupUiEP7QWidget
FNDA:1,_ZN7Ui_Menu7setupUiEP7QWidget
FN:109,_ZN7Ui_Menu13retranslateUiEP7QWidget
FNDA:1,_ZN7Ui_Menu13retranslateUiEP7QWidget
DA:27,1
DA:29,1
DA:30,1
DA:31,1
DA:32,1
DA:38,1
DA:39,1
DA:40,1
DA:41,1
DA:56,1
DA:57,1
DA:58,1
DA:59,1
DA:60,1
DA:75,1
DA:76,1
DA:77,1
DA:78,1
DA:88,1
DA:89,1
DA:90,1
DA:91,1
DA:104,1
DA:106,1
DA:107,1
DA:109,1
DA:111,1
DA:112,1
DA:113,1
DA:114,1
DA:115,1
DA:116,1
end_of_record
SF:/usr/include/x86_64-linux-gnu/qt5/QtCore/qobject_impl.h
FN:75,_ZN9QtPrivate15ConnectionTypesINS_4ListIJbEEELb1EE5typesEv
FNDA:0,_ZN9QtPrivate15ConnectionTypesINS_4ListIJbEEELb1EE5typesEv
DA:75,0
end_of_record
SF:/usr/include/x86_64-linux-gnu/qt5/QtWidgets/qwidget.h
FN:838,_ZN7QWidget6resizeEii
FNDA:0,_ZN7QWidget6resizeEii
DA:838,0
DA:839,0
end_of_record
SF:/usr/include/c++/9/atomic
FN:759,_ZNSt6atomicIiEC2Ei
FNDA:0,_ZNSt6atomicIiEC2Ei
DA:759,0
end_of_record
SF:/usr/include/c++/9/bits/atomic_base.h
FN:99,_ZStanSt12memory_orderSt23__memory_order_modifier
FNDA:0,_ZStanSt12memory_orderSt23__memory_order_modifier
FN:279,_ZNSt13__atomic_baseIiEC2Ei
FNDA:0,_ZNSt13__atomic_baseIiEC2Ei
FN:326,_ZNSt13__atomic_baseIiEmmEv
FNDA:0,_ZNSt13__atomic_baseIiEmmEv
DA:99,0
DA:101,0
DA:279,0
DA:326,0
DA:327,0
DA:415,0
DA:419,0
end_of_record
SF:/home/user/Desktop/VS projekat/2023_Analysis_timesweeper/06-timesweeper/timesweeper/Source/Menu.cpp
FN:12,_ZN4MenuC2EP7QWidget
FNDA:1,_ZN4MenuC2EP7QWidget
FN:29,_ZN4Menu18startButtonClickedEv
FNDA:0,_ZN4Menu18startButtonClickedEv
FN:39,_ZN4Menu17quitButtonClickedEv
FNDA:0,_ZN4Menu17quitButtonClickedEv
FN:44,_ZN4Menu20optionsButtonClickedEv
FNDA:0,_ZN4Menu20optionsButtonClickedEv
FN:49,_ZN4Menu17helpButtonClickedEv
FNDA:0,_ZN4Menu17helpButtonClickedEv
DA:12,1
DA:13,1
DA:15,1
DA:16,1
DA:17,1
DA:18,1
DA:20,1
DA:21,1
DA:22,1
DA:23,1
DA:25,1
DA:26,1
DA:27,1
DA:29,0
DA:31,0
DA:33,0
DA:35,0
DA:36,0
DA:37,0
DA:39,0
DA:41,0
DA:44,0
DA:46,0
DA:47,0
DA:49,0
DA:51,0
DA:52,0
end_of_record
SF:/usr/include/x86_64-linux-gnu/qt5/QtCore/qrect.h
FN:184,_ZN5QRectC2Eiiii
FNDA:0,_ZN5QRectC2Eiiii
DA:184,0
DA:185,0
end_of_record
SF:/usr/include/x86_64-linux-gnu/qt5/QtCore/qbasicatomic.h
FN:103,_ZNK19QBasicAtomicIntegerIiE4loadEv
FNDA:0,_ZNK19QBasicAtomicIntegerIiE4loadEv
FN:115,_ZN19QBasicAtomicIntegerIiE5derefEv
FNDA:0,_ZN19QBasicAtomicIntegerIiE5derefEv
FN:221,_ZN19QBasicAtomicIntegerIiEC2Ei
FNDA:0,_ZN19QBasicAtomicIntegerIiEC2Ei
DA:103,0
DA:115,0
DA:221,0
end_of_record
SF:/usr/include/x86_64-linux-gnu/qt5/QtCore/qflags.h
FN:121,_ZN6QFlagsIN2Qt10WindowTypeEEC2EMNS2_7PrivateEi
FNDA:0,_ZN6QFlagsIN2Qt10WindowTypeEEC2EMNS2_7PrivateEi
DA:121,0
end_of_record
SF:/usr/include/x86_64-linux-gnu/qt5/QtCore/qobject.h
FN:228,_ZN7QObject7connectIM15QAbstractButtonFvbEM4MenuFvvEEEN11QMetaObject10ConnectionEPKN9QtPrivate15FunctionPointerIT_E6ObjectESB_PKNSA_IT0_E6ObjectESG_N2Qt14ConnectionTypeE
FNDA:4,_ZN7QObject7connectIM15QAbstractButtonFvbEM4MenuFvvEEEN11QMetaObject10ConnectionEPKN9QtPrivate15FunctionPointerIT_E6ObjectESB_PKNSA_IT0_E6ObjectESG_N2Qt14ConnectionTypeE
DA:228,4
DA:246,4
DA:247,4
DA:248,0
DA:252,4
DA:254,4
end_of_record
SF:/usr/include/x86_64-linux-gnu/qt5/QtCore/qatomic.h
FN:60,_ZN14QAtomicIntegerIiEC2Ei
FNDA:0,_ZN14QAtomicIntegerIiEC2Ei
FN:162,_ZN10QAtomicIntC2Ei
FNDA:0,_ZN10QAtomicIntC2Ei
DA:60,0
DA:162,0
end_of_record
SF:/usr/include/x86_64-linux-gnu/qt5/QtCore/qatomic_cxx11.h
FN:225,_ZN10QAtomicOpsIiE4loadIiEET_RKSt6atomicIS2_E
FNDA:0,_ZN10QAtomicOpsIiE4loadIiEET_RKSt6atomicIS2_E
FN:269,_ZN10QAtomicOpsIiE5derefIiEEbRSt6atomicIT_E
FNDA:0,_ZN10QAtomicOpsIiE5derefIiEEbRSt6atomicIT_E
DA:225,0
DA:227,0
DA:269,0
DA:271,0
end_of_record
SF:/usr/include/x86_64-linux-gnu/qt5/QtCore/qarraydata.h
FN:123,_ZN10QArrayData10sharedNullEv
FNDA:0,_ZN10QArrayData10sharedNullEv
FN:236,_ZN15QTypedArrayDataItE10deallocateEP10QArrayData
FNDA:0,_ZN15QTypedArrayDataItE10deallocateEP10QArrayData
FN:257,_ZN15QTypedArrayDataItE10sharedNullEv
FNDA:0,_ZN15QTypedArrayDataItE10sharedNullEv
DA:123,0
DA:236,0
DA:239,0
DA:240,0
DA:257,0
DA:260,0
end_of_record
SF:/usr/include/x86_64-linux-gnu/qt5/QtCore/qrefcount.h
FN:65,_ZN9QtPrivate8RefCount5derefEv
FNDA:0,_ZN9QtPrivate8RefCount5derefEv
DA:65,0
DA:66,0
DA:68,0
DA:69,0
DA:71,0
DA:72,0
DA:73,0
end_of_record
SF:/usr/include/x86_64-linux-gnu/qt5/QtCore/qsize.h
FN:119,_ZN5QSizeC2Eii
FNDA:0,_ZN5QSizeC2Eii
DA:119,0
end_of_record
TN:
SF:/usr/include/x86_64-linux-gnu/qt5/QtCore/qobject_impl.h
FN:73,_ZN9QtPrivate15ConnectionTypesINS_4ListIJEEELb1EE5typesEv
FNDA:0,_ZN9QtPrivate15ConnectionTypesINS_4ListIJEEELb1EE5typesEv
DA:73,0
end_of_record
SF:/usr/include/c++/9/atomic
FN:759,_ZNSt6atomicIiEC2Ei
FNDA:0,_ZNSt6atomicIiEC2Ei
DA:759,0
end_of_record
SF:/usr/include/c++/9/bits/atomic_base.h
FN:99,_ZStanSt12memory_orderSt23__memory_order_modifier
FNDA:0,_ZStanSt12memory_orderSt23__memory_order_modifier
FN:279,_ZNSt13__atomic_baseIiEC2Ei
FNDA:0,_ZNSt13__atomic_baseIiEC2Ei
FN:318,_ZNSt13__atomic_baseIiEppEv
FNDA:0,_ZNSt13__atomic_baseIiEppEv
FN:326,_ZNSt13__atomic_baseIiEmmEv
FNDA:0,_ZNSt13__atomic_baseIiEmmEv
DA:99,0
DA:101,0
DA:279,0
DA:318,0
DA:319,0
DA:326,0
DA:327,0
DA:415,0
DA:419,0
end_of_record
SF:/usr/include/x86_64-linux-gnu/qt5/QtCore/qlist.h
FN:75,_ZN19QListSpecialMethodsIP13QGraphicsItemED2Ev
FNDA:0,_ZN19QListSpecialMethodsIP13QGraphicsItemED2Ev
FN:100,_ZN9QListData7disposeEv
FNDA:0,_ZN9QListData7disposeEv
FN:116,_ZNK9QListData5beginEv
FNDA:0,_ZNK9QListData5beginEv
FN:117,_ZNK9QListData3endEv
FNDA:0,_ZNK9QListData3endEv
FN:142,_ZN5QListIP13QGraphicsItemE4Node1tEv
FNDA:3,_ZN5QListIP13QGraphicsItemE4Node1tEv
FN:172,_ZN5QListIP13QGraphicsItemE6detachEv
FNDA:6,_ZN5QListIP13QGraphicsItemE6detachEv
FN:235,_ZN5QListIP13QGraphicsItemE8iteratorC2EPNS2_4NodeE
FNDA:6,_ZN5QListIP13QGraphicsItemE8iteratorC2EPNS2_4NodeE
FN:241,_ZNK5QListIP13QGraphicsItemE8iteratordeEv
FNDA:3,_ZNK5QListIP13QGraphicsItemE8iteratordeEv
FN:245,_ZNK5QListIP13QGraphicsItemE8iteratorneERKS3_
FNDA:6,_ZNK5QListIP13QGraphicsItemE8iteratorneERKS3_
FN:264,_ZN5QListIP13QGraphicsItemE8iteratorppEv
FNDA:3,_ZN5QListIP13QGraphicsItemE8iteratorppEv
FN:324,_ZN5QListIP13QGraphicsItemE5beginEv
FNDA:3,_ZN5QListIP13QGraphicsItemE5beginEv
FN:328,_ZN5QListIP13QGraphicsItemE3endEv
FNDA:3,_ZN5QListIP13QGraphicsItemE3endEv
FN:459,_ZN5QListIP13QGraphicsItemE9node_copyEPNS2_4NodeES4_S4_
FNDA:0,_ZN5QListIP13QGraphicsItemE9node_copyEPNS2_4NodeES4_S4_
FN:494,_ZN5QListIP13QGraphicsItemE13node_destructEPNS2_4NodeES4_
FNDA:0,_ZN5QListIP13QGraphicsItemE13node_destructEPNS2_4NodeES4_
FN:786,_ZN5QListIP13QGraphicsItemE13detach_helperEi
FNDA:0,_ZN5QListIP13QGraphicsItemE13detach_helperEi
FN:803,_ZN5QListIP13QGraphicsItemE13detach_helperEv
FNDA:0,_ZN5QListIP13QGraphicsItemE13detach_helperEv
FN:827,_ZN5QListIP13QGraphicsItemED2Ev
FNDA:0,_ZN5QListIP13QGraphicsItemED2Ev
FN:866,_ZN5QListIP13QGraphicsItemE7deallocEPN9QListData4DataE
FNDA:0,_ZN5QListIP13QGraphicsItemE7deallocEPN9QListData4DataE
DA:75,0
DA:100,0
DA:116,0
DA:117,0
DA:142,3
DA:144,3
DA:172,6
DA:235,6
DA:241,3
DA:245,6
DA:264,3
DA:324,3
DA:328,3
DA:459,0
DA:461,0
DA:488,0
DA:489,0
DA:491,0
DA:494,0
DA:500,0
DA:786,0
DA:788,0
DA:789,0
DA:791,0
DA:792,0
DA:793,0
DA:794,0
DA:795,0
DA:798,0
DA:799,0
DA:800,0
DA:803,0
DA:805,0
DA:806,0
DA:827,0
DA:829,0
DA:830,0
DA:831,0
DA:866,0
DA:868,0
DA:869,0
DA:870,0
DA:871,0
end_of_record
SF:/usr/include/x86_64-linux-gnu/qt5/QtGui/qevent.h
FN:121,_ZNK11QMouseEvent3posEv
FNDA:0,_ZNK11QMouseEvent3posEv
FN:132,_ZNK11QMouseEvent6buttonEv
FNDA:0,_ZNK11QMouseEvent6buttonEv
DA:121,0
DA:132,0
end_of_record
SF:/usr/include/c++/9/bits/move.h
FN:99,_ZSt4moveIRP11QCursorDataEONSt16remove_referenceIT_E4typeEOS4_
FNDA:45,_ZSt4moveIRP11QCursorDataEONSt16remove_referenceIT_E4typeEOS4_
FN:99,_ZSt4moveIRP15QTypedArrayDataItEEONSt16remove_referenceIT_E4typeEOS5_
FNDA:0,_ZSt4moveIRP15QTypedArrayDataItEEONSt16remove_referenceIT_E4typeEOS5_
FN:182,_ZSt4swapIP11QCursorDataENSt9enable_ifIXsrSt6__and_IJSt6__not_ISt15__is_tuple_likeIT_EESt21is_move_constructibleIS6_ESt18is_move_assignableIS6_EEE5valueEvE4typeERS6_SG_
FNDA:15,_ZSt4swapIP11QCursorDataENSt9enable_ifIXsrSt6__and_IJSt6__not_ISt15__is_tuple_likeIT_EESt21is_move_constructibleIS6_ESt18is_move_assignableIS6_EEE5valueEvE4typeERS6_SG_
FN:182,_ZSt4swapIP15QTypedArrayDataItEENSt9enable_ifIXsrSt6__and_IJSt6__not_ISt15__is_tuple_likeIT_EESt21is_move_constructibleIS7_ESt18is_move_assignableIS7_EEE5valueEvE4typeERS7_SH_
FNDA:0,_ZSt4swapIP15QTypedArrayDataItEENSt9enable_ifIXsrSt6__and_IJSt6__not_ISt15__is_tuple_likeIT_EESt21is_move_constructibleIS7_ESt18is_move_assignableIS7_EEE5valueEvE4typeERS7_SH_
DA:99,45
DA:100,45
DA:99,0
DA:100,0
DA:182,15
DA:193,15
DA:194,15
DA:195,15
DA:196,15
DA:182,0
DA:193,0
DA:194,0
DA:195,0
DA:196,0
end_of_record
SF:/usr/include/x86_64-linux-gnu/qt5/QtCore/qarraydata.h
FN:123,_ZN10QArrayData10sharedNullEv
FNDA:0,_ZN10QArrayData10sharedNullEv
FN:236,_ZN15QTypedArrayDataItE10deallocateEP10QArrayData
FNDA:0,_ZN15QTypedArrayDataItE10deallocateEP10QArrayData
FN:257,_ZN15QTypedArrayDataItE10sharedNullEv
FNDA:0,_ZN15QTypedArrayDataItE10sharedNullEv
DA:123,0
DA:236,0
DA:239,0
DA:240,0
DA:257,0
DA:260,0
end_of_record
SF:/usr/include/x86_64-linux-gnu/qt5/QtCore/qatomic.h
FN:60,_ZN14QAtomicIntegerIiEC2Ei
FNDA:0,_ZN14QAtomicIntegerIiEC2Ei
FN:162,_ZN10QAtomicIntC2Ei
FNDA:0,_ZN10QAtomicIntC2Ei
DA:60,0
DA:162,0
end_of_record
SF:/home/user/Desktop/VS projekat/2023_Analysis_timesweeper/build-TimesweeperUnitTests-Desktop-Debug/ui_Game.h
FN:22,_ZN7Ui_Game7setupUiEP7QWidget
FNDA:15,_ZN7Ui_Game7setupUiEP7QWidget
FN:46,_ZN7Ui_Game13retranslateUiEP7QWidget
FNDA:15,_ZN7Ui_Game13retranslateUiEP7QWidget
DA:22,15
DA:24,15
DA:25,15
DA:26,15
DA:27,15
DA:41,15
DA:43,15
DA:44,15
DA:46,15
DA:48,15
DA:49,15
end_of_record
SF:/usr/include/x86_64-linux-gnu/qt5/QtCore/qglobal.h
FN:583,_Z6qRoundd
FNDA:0,_Z6qRoundd
FN:911,_Z5qSwapIP11QCursorDataEvRT_S3_
FNDA:15,_Z5qSwapIP11QCursorDataEvRT_S3_
FN:911,_Z5qSwapIP15QTypedArrayDataItEEvRT_S4_
FNDA:0,_Z5qSwapIP15QTypedArrayDataItEEvRT_S4_
DA:583,0
DA:584,0
DA:911,15
DA:915,15
DA:916,15
DA:911,0
DA:915,0
DA:916,0
end_of_record
SF:/usr/include/x86_64-linux-gnu/qt5/QtCore/qsize.h
FN:119,_ZN5QSizeC2Eii
FNDA:0,_ZN5QSizeC2Eii
DA:119,0
end_of_record
SF:/usr/include/x86_64-linux-gnu/qt5/QtWidgets/qwidget.h
FN:808,_ZN7QWidget16setMouseTrackingEb
FNDA:15,_ZN7QWidget16setMouseTrackingEb
FN:838,_ZN7QWidget6resizeEii
FNDA:18,_ZN7QWidget6resizeEii
FN:841,_ZN7QWidget11setGeometryEiiii
FNDA:0,_ZN7QWidget11setGeometryEiiii
DA:808,15
DA:809,15
DA:838,18
DA:839,18
DA:841,0
DA:842,0
end_of_record
SF:/home/user/Desktop/VS projekat/2023_Analysis_timesweeper/06-timesweeper/timesweeper/Source/Game.cpp
FN:16,_ZN4GameC2Ev
FNDA:15,_ZN4GameC2Ev
FN:53,_ZN4Game14mouseMoveEventEP11QMouseEvent
FNDA:0,_ZN4Game14mouseMoveEventEP11QMouseEvent
FN:59,_ZN4Game15mousePressEventEP11QMouseEvent
FNDA:0,_ZN4Game15mousePressEventEP11QMouseEvent
FN:68,_ZN4Game11showCreditsEv
FNDA:0,_ZN4Game11showCreditsEv
FN:81,_ZN4Game9playMusicEv
FNDA:18,_ZN4Game9playMusicEv
FN:89,_ZN4Game17makeGameOverLabelEv
FNDA:15,_ZN4Game17makeGameOverLabelEv
FN:97,_ZN4Game14makePauseLabelEv
FNDA:15,_ZN4Game14makePauseLabelEv
FN:106,_ZN4Game21setCurrentLevelPortalEP6Portal
FNDA:0,_ZN4Game21setCurrentLevelPortalEP6Portal
FN:108,_ZN4Game10getLevelIDEv
FNDA:147,_ZN4Game10getLevelIDEv
FN:110,_ZNK4Game10getSoundOnEv
FNDA:1,_ZNK4Game10getSoundOnEv
FN:112,_ZN4Game10setSoundOnEb
FNDA:0,_ZN4Game10setSoundOnEb
FN:114,_ZNK4Game13getIsGameOverEv
FNDA:2,_ZNK4Game13getIsGameOverEv
FN:116,_ZN4Game13setIsGameOverEb
FNDA:0,_ZN4Game13setIsGameOverEb
FN:118,_ZNK4Game5getUiEv
FNDA:0,_ZNK4Game5getUiEv
FN:120,_ZNK4Game16getGameOverLabelEv
FNDA:3,_ZNK4Game16getGameOverLabelEv
FN:122,_ZNK4Game13getPauseLabelEv
FNDA:2,_ZNK4Game13getPauseLabelEv
FN:126,_ZN4Game11changeLevelEv
FNDA:18,_ZN4Game11changeLevelEv
FN:175,_ZN4Game15triggerDialogueEv
FNDA:0,_ZN4Game15triggerDialogueEv
FN:181,_ZN4Game12setHealthBarEv
FNDA:0,_ZN4Game12setHealthBarEv
FN:200,_ZN4Game8gameOverEv
FNDA:4,_ZN4Game8gameOverEv
DA:16,15
DA:18,15
DA:19,15
DA:21,15
DA:22,15
DA:23,15
DA:25,15
DA:26,15
DA:28,15
DA:29,15
DA:30,15
DA:32,15
DA:33,15
DA:34,15
DA:36,15
DA:37,15
DA:38,15
DA:40,15
DA:41,15
DA:42,15
DA:43,15
DA:45,15
DA:47,15
DA:48,15
DA:50,15
DA:51,15
DA:53,0
DA:55,0
DA:56,0
DA:57,0
DA:59,0
DA:61,0
DA:63,0
DA:65,0
DA:66,0
DA:68,0
DA:70,0
DA:72,0
DA:73,0
DA:74,0
DA:75,0
DA:77,0
DA:78,0
DA:79,0
DA:81,18
DA:83,18
DA:85,3
DA:87,18
DA:89,15
DA:91,15
DA:92,15
DA:93,15
DA:94,15
DA:95,15
DA:97,15
DA:99,15
DA:100,15
DA:101,15
DA:102,15
DA:103,15
DA:106,0
DA:108,147
DA:110,1
DA:112,0
DA:114,2
DA:116,0
DA:118,0
DA:120,3
DA:122,2
DA:126,18
DA:128,18
DA:130,6
DA:131,6
DA:133,9
DA:134,12
DA:135,3
DA:137,0
DA:138,0
DA:143,18
DA:144,18
DA:145,18
DA:147,18
DA:149,18
DA:151,18
DA:152,18
DA:154,18
DA:156,3
DA:157,3
DA:159,18
DA:161,18
DA:163,3
DA:166,18
DA:168,18
DA:169,36
DA:170,18
DA:172,18
DA:173,18
DA:175,0
DA:177,0
DA:178,0
DA:179,0
DA:181,0
DA:183,0
DA:184,0
DA:186,0
DA:187,0
DA:189,0
DA:191,0
DA:195,0
DA:196,0
DA:197,0
DA:198,0
DA:200,4
DA:202,4
DA:203,4
DA:204,4
DA:205,4
DA:206,4
end_of_record
SF:/usr/include/x86_64-linux-gnu/qt5/QtCore/qobjectdefs_impl.h
FN:88,_ZN9QtPrivate16ApplyReturnValueIvEC2EPv
FNDA:0,_ZN9QtPrivate16ApplyReturnValueIvEC2EPv
FN:151,_ZN9QtPrivate11FunctorCallINS_11IndexesListIJEEENS_4ListIJEEEvM4GameFvvEE4callES7_PS5_PPv
FNDA:0,_ZN9QtPrivate11FunctorCallINS_11IndexesListIJEEENS_4ListIJEEEvM4GameFvvEE4callES7_PS5_PPv
[...]
FNDA:0,_ZN9QtPrivate8RefCount5derefEv
DA:65,0
DA:66,0
DA:68,0
DA:69,0
DA:71,0
DA:72,0
DA:73,0
end_of_record
SF:/usr/include/x86_64-linux-gnu/qt5/QtCore/qbasicatomic.h
FN:103,_ZNK19QBasicAtomicIntegerIiE4loadEv
FNDA:0,_ZNK19QBasicAtomicIntegerIiE4loadEv
FN:115,_ZN19QBasicAtomicIntegerIiE5derefEv
FNDA:0,_ZN19QBasicAtomicIntegerIiE5derefEv
DA:103,0
DA:115,0
end_of_record
SF:/usr/include/x86_64-linux-gnu/qt5/QtCore/qflags.h
FN:120,_ZN6QFlagsIN2Qt19ImageConversionFlagEEC2ES1_
FNDA:0,_ZN6QFlagsIN2Qt19ImageConversionFlagEEC2ES1_
DA:120,0
end_of_record
SF:/usr/include/x86_64-linux-gnu/qt5/QtCore/qstring.h
FN:699,_ZN7QStringC2EPKc
FNDA:0,_ZN7QStringC2EPKc
FN:1135,_ZN7QStringD2Ev
FNDA:0,_ZN7QStringD2Ev
DA:699,0
DA:700,0
DA:701,0
DA:1135,0
end_of_record
TN:
SF:/usr/include/x86_64-linux-gnu/qt5/QtCore/qscopedpointer.h
FN:116,_ZNK14QScopedPointerI11QObjectData21QScopedPointerDeleterIS0_EEptEv
FNDA:0,_ZNK14QScopedPointerI11QObjectData21QScopedPointerDeleterIS0_EEptEv
DA:116,0
DA:118,0
end_of_record
SF:/home/user/Desktop/VS projekat/2023_Analysis_timesweeper/build-TimesweeperUnitTests-Desktop-Debug/moc_Game.cpp
FN:75,_ZN4Game18qt_static_metacallEP7QObjectN11QMetaObject4CallEiPPv
FNDA:0,_ZN4Game18qt_static_metacallEP7QObjectN11QMetaObject4CallEiPPv
FN:101,_ZNK4Game10metaObjectEv
FNDA:1308,_ZNK4Game10metaObjectEv
FN:106,_ZN4Game11qt_metacastEPKc
FNDA:143,_ZN4Game11qt_metacastEPKc
FN:114,_ZN4Game11qt_metacallEN11QMetaObject4CallEiPPv
FNDA:94,_ZN4Game11qt_metacallEN11QMetaObject4CallEiPPv
DA:75,0
DA:77,0
DA:78,0
DA:80,0
DA:81,0
DA:82,0
DA:83,0
DA:84,0
DA:85,0
DA:89,0
DA:101,1308
DA:103,1308
DA:106,143
DA:108,143
DA:109,143
DA:110,0
DA:111,143
DA:114,94
DA:116,94
DA:117,94
DA:118,94
DA:119,0
DA:120,0
DA:121,0
DA:122,0
DA:123,0
DA:124,0
DA:125,0
DA:126,0
DA:128,0
end_of_record
SF:/home/user/Desktop/VS projekat/2023_Analysis_timesweeper/06-timesweeper/timesweeper/Headers/Game.h
end_of_record
TN:
SF:/usr/include/x86_64-linux-gnu/qt5/QtCore/qscopedpointer.h
FN:116,_ZNK14QScopedPointerI11QObjectData21QScopedPointerDeleterIS0_EEptEv
FNDA:0,_ZNK14QScopedPointerI11QObjectData21QScopedPointerDeleterIS0_EEptEv
DA:116,0
DA:118,0
end_of_record
SF:/home/user/Desktop/VS projekat/2023_Analysis_timesweeper/build-TimesweeperUnitTests-Desktop-Debug/moc_DialogueHandler.cpp
FN:57,_ZN15DialogueHandler18qt_static_metacallEP7QObjectN11QMetaObject4CallEiPPv
FNDA:0,_ZN15DialogueHandler18qt_static_metacallEP7QObjectN11QMetaObject4CallEiPPv
FN:75,_ZNK15DialogueHandler10metaObjectEv
FNDA:0,_ZNK15DialogueHandler10metaObjectEv
FN:80,_ZN15DialogueHandler11qt_metacastEPKc
FNDA:0,_ZN15DialogueHandler11qt_metacastEPKc
FN:88,_ZN15DialogueHandler11qt_metacallEN11QMetaObject4CallEiPPv
FNDA:0,_ZN15DialogueHandler11qt_metacallEN11QMetaObject4CallEiPPv
DA:57,0
DA:63,0
DA:75,0
DA:77,0
DA:80,0
DA:82,0
DA:83,0
DA:84,0
DA:85,0
DA:88,0
DA:90,0
DA:91,0
end_of_record
SF:/home/user/Desktop/VS projekat/2023_Analysis_timesweeper/06-timesweeper/timesweeper/Headers/DialogueHandler.h
end_of_record
TN:
SF:/home/user/Desktop/VS projekat/2023_Analysis_timesweeper/06-timesweeper/timesweeper/Source/Pickup.cpp
FN:6,_ZN6PickupC2Ev
FNDA:0,_ZN6PickupC2Ev
DA:6,0
DA:8,0
DA:9,0
DA:10,0
end_of_record
SF:/home/user/Desktop/VS projekat/2023_Analysis_timesweeper/06-timesweeper/timesweeper/Headers/Pickup.h
end_of_record
SF:/usr/include/c++/9/bits/atomic_base.h
FN:99,_ZStanSt12memory_orderSt23__memory_order_modifier
FNDA:0,_ZStanSt12memory_orderSt23__memory_order_modifier
FN:318,_ZNSt13__atomic_baseIiEppEv
FNDA:0,_ZNSt13__atomic_baseIiEppEv
FN:326,_ZNSt13__atomic_baseIiEmmEv
FNDA:0,_ZNSt13__atomic_baseIiEmmEv
DA:99,0
DA:101,0
DA:318,0
DA:319,0
DA:326,0
DA:327,0
DA:415,0
DA:419,0
end_of_record
SF:/usr/include/x86_64-linux-gnu/qt5/QtCore/qarraydata.h
FN:236,_ZN15QTypedArrayDataItE10deallocateEP10QArrayData
FNDA:0,_ZN15QTypedArrayDataItE10deallocateEP10QArrayData
DA:236,0
DA:239,0
DA:240,0
end_of_record
SF:/usr/include/x86_64-linux-gnu/qt5/QtCore/qbasicatomic.h
FN:103,_ZNK19QBasicAtomicIntegerIiE4loadEv
FNDA:0,_ZNK19QBasicAtomicIntegerIiE4loadEv
FN:114,_ZN19QBasicAtomicIntegerIiE3refEv
FNDA:0,_ZN19QBasicAtomicIntegerIiE3refEv
FN:115,_ZN19QBasicAtomicIntegerIiE5derefEv
FNDA:0,_ZN19QBasicAtomicIntegerIiE5derefEv
DA:103,0
DA:114,0
DA:115,0
end_of_record
SF:/usr/include/x86_64-linux-gnu/qt5/QtCore/qflags.h
FN:120,_ZN6QFlagsIN2Qt19ImageConversionFlagEEC2ES1_
FNDA:0,_ZN6QFlagsIN2Qt19ImageConversionFlagEEC2ES1_
DA:120,0
end_of_record
SF:/usr/include/x86_64-linux-gnu/qt5/QtCore/qstring.h
FN:483,_ZN7QStringpLERKS_
FNDA:0,_ZN7QStringpLERKS_
FN:570,_ZN7QString8fromUtf8EPKci
FNDA:0,_ZN7QString8fromUtf8EPKci
FN:957,_ZN7QStringC2ERKS_
FNDA:0,_ZN7QStringC2ERKS_
FN:1135,_ZN7QStringD2Ev
FNDA:0,_ZN7QStringD2Ev
FN:1356,_ZplRK7QStringPKc
FNDA:0,_ZplRK7QStringPKc
FN:1358,_ZplPKcRK7QString
FNDA:0,_ZplPKcRK7QString
DA:483,0
DA:570,0
DA:572,0
DA:957,0
DA:958,0
DA:1135,0
DA:1356,0
DA:1357,0
DA:1358,0
DA:1359,0
end_of_record
SF:/usr/include/x86_64-linux-gnu/qt5/QtCore/qatomic_cxx11.h
FN:225,_ZN10QAtomicOpsIiE4loadIiEET_RKSt6atomicIS2_E
FNDA:0,_ZN10QAtomicOpsIiE4loadIiEET_RKSt6atomicIS2_E
FN:263,_ZN10QAtomicOpsIiE3refIiEEbRSt6atomicIT_E
FNDA:0,_ZN10QAtomicOpsIiE3refIiEEbRSt6atomicIT_E
FN:269,_ZN10QAtomicOpsIiE5derefIiEEbRSt6atomicIT_E
FNDA:0,_ZN10QAtomicOpsIiE5derefIiEEbRSt6atomicIT_E
DA:225,0
DA:227,0
DA:263,0
DA:265,0
DA:269,0
DA:271,0
end_of_record
SF:/usr/include/x86_64-linux-gnu/qt5/QtCore/qrefcount.h
FN:54,_ZN9QtPrivate8RefCount3refEv
FNDA:0,_ZN9QtPrivate8RefCount3refEv
FN:65,_ZN9QtPrivate8RefCount5derefEv
FNDA:0,_ZN9QtPrivate8RefCount5derefEv
DA:54,0
DA:55,0
DA:57,0
DA:58,0
DA:60,0
DA:61,0
DA:62,0
DA:65,0
DA:66,0
DA:68,0
DA:69,0
DA:71,0
DA:72,0
DA:73,0
end_of_record
TN:
SF:/home/user/Desktop/VS projekat/2023_Analysis_timesweeper/06-timesweeper/timesweeper/Headers/Character.h
end_of_record
SF:/usr/include/c++/9/new
FN:173,_ZnwmPv
FNDA:0,_ZnwmPv
DA:173,0
DA:174,0
end_of_record
SF:/usr/include/x86_64-linux-gnu/qt5/QtCore/qline.h
FN:288,_ZN6QLineFC2ERK7QPointFS2_
FNDA:1,_ZN6QLineFC2ERK7QPointFS2_
DA:288,1
DA:289,1
DA:291,1
end_of_record
SF:/usr/include/x86_64-linux-gnu/qt5/QtCore/qrefcount.h
FN:65,_ZN9QtPrivate8RefCount5derefEv
FNDA:0,_ZN9QtPrivate8RefCount5derefEv
FN:86,_ZNK9QtPrivate8RefCount10isSharableEv
FNDA:0,_ZNK9QtPrivate8RefCount10isSharableEv
FN:93,_ZNK9QtPrivate8RefCount8isStaticEv
FNDA:0,_ZNK9QtPrivate8RefCount8isStaticEv
FN:99,_ZNK9QtPrivate8RefCount8isSharedEv
FNDA:0,_ZNK9QtPrivate8RefCount8isSharedEv
DA:65,0
DA:66,0
DA:68,0
DA:69,0
DA:71,0
DA:72,0
DA:73,0
DA:86,0
DA:89,0
DA:93,0
DA:96,0
DA:99,0
DA:101,0
DA:102,0
end_of_record
SF:/usr/include/x86_64-linux-gnu/qt5/QtWidgets/qgraphicsitem.h
FN:273,_ZNK13QGraphicsItem1xEv
FNDA:0,_ZNK13QGraphicsItem1xEv
FN:275,_ZNK13QGraphicsItem1yEv
FNDA:0,_ZNK13QGraphicsItem1yEv
FN:313,_ZN13QGraphicsItem23setTransformOriginPointEdd
FNDA:0,_ZN13QGraphicsItem23setTransformOriginPointEdd
FN:494,_ZN13QGraphicsItem6setPosEdd
FNDA:0,_ZN13QGraphicsItem6setPosEdd
DA:273,0
DA:275,0
DA:313,0
DA:314,0
DA:494,0
DA:495,0
end_of_record
SF:/usr/include/x86_64-linux-gnu/qt5/QtCore/qpoint.h
FN:285,_ZN7QPointFC2Ev
FNDA:66,_ZN7QPointFC2Ev
FN:287,_ZN7QPointFC2Edd
FNDA:0,_ZN7QPointFC2Edd
FN:301,_ZNK7QPointF1xEv
FNDA:0,_ZNK7QPointF1xEv
FN:306,_ZNK7QPointF1yEv
FNDA:0,_ZNK7QPointF1yEv
FN:365,_ZplRK7QPointFS1_
FNDA:0,_ZplRK7QPointFS1_
DA:285,66
DA:287,0
DA:301,0
DA:303,0
DA:306,0
DA:308,0
DA:365,0
DA:367,0
end_of_record
SF:/usr/include/x86_64-linux-gnu/qt5/QtCore/qatomic_cxx11.h
FN:225,_ZN10QAtomicOpsIiE4loadIiEET_RKSt6atomicIS2_E
FNDA:0,_ZN10QAtomicOpsIiE4loadIiEET_RKSt6atomicIS2_E
FN:269,_ZN10QAtomicOpsIiE5derefIiEEbRSt6atomicIT_E
FNDA:0,_ZN10QAtomicOpsIiE5derefIiEEbRSt6atomicIT_E
DA:225,0
DA:227,0
DA:269,0
DA:271,0
end_of_record
SF:/usr/include/x86_64-linux-gnu/qt5/QtCore/qflags.h
FN:120,_ZN6QFlagsIN10QArrayData16AllocationOptionEEC2ES1_
FNDA:0,_ZN6QFlagsIN10QArrayData16AllocationOptionEEC2ES1_
FN:120,_ZN6QFlagsIN2Qt19ImageConversionFlagEEC2ES1_
FNDA:0,_ZN6QFlagsIN2Qt19ImageConversionFlagEEC2ES1_
FN:121,_ZN6QFlagsIN12QMediaPlayer4FlagEEC2EMNS2_7PrivateEi
FNDA:0,_ZN6QFlagsIN12QMediaPlayer4FlagEEC2EMNS2_7PrivateEi
FN:150,_ZNK6QFlagsIN10QArrayData16AllocationOptionEE8testFlagES1_
FNDA:0,_ZNK6QFlagsIN10QArrayData16AllocationOptionEE8testFlagES1_
DA:120,0
DA:120,0
DA:121,0
DA:150,0
end_of_record
SF:/usr/include/x86_64-linux-gnu/qt5/QtCore/qbasicatomic.h
FN:103,_ZNK19QBasicAtomicIntegerIiE4loadEv
FNDA:0,_ZNK19QBasicAtomicIntegerIiE4loadEv
FN:115,_ZN19QBasicAtomicIntegerIiE5derefEv
FNDA:0,_ZN19QBasicAtomicIntegerIiE5derefEv
DA:103,0
DA:115,0
end_of_record
SF:/usr/include/c++/9/typeinfo
FN:120,_ZNKSt9type_infoeqERKS_
FNDA:0,_ZNKSt9type_infoeqERKS_
DA:120,0
DA:122,0
DA:123,0
DA:124,0
end_of_record
SF:/usr/include/x86_64-linux-gnu/qt5/QtCore/qrect.h
FN:740,_ZNK6QRectF5widthEv
FNDA:0,_ZNK6QRectF5widthEv
DA:740,0
DA:741,0
end_of_record
SF:/home/user/Desktop/VS projekat/2023_Analysis_timesweeper/06-timesweeper/timesweeper/Source/PlayerCharacter.cpp
FN:16,_ZN15PlayerCharacterC2Ev
FNDA:22,_ZN15PlayerCharacterC2Ev
FN:31,_ZNK15PlayerCharacter9getGunArmEv
FNDA:4,_ZNK15PlayerCharacter9getGunArmEv
FN:33,_ZNK15PlayerCharacter9getHealthEv
FNDA:15,_ZNK15PlayerCharacter9getHealthEv
FN:35,_ZNK15PlayerCharacter16getSoundEffectOnEv
FNDA:0,_ZNK15PlayerCharacter16getSoundEffectOnEv
FN:37,_ZN15PlayerCharacter16setSoundEffectOnEb
FNDA:0,_ZN15PlayerCharacter16setSoundEffectOnEb
FN:41,_ZN15PlayerCharacter13keyPressEventEP9QKeyEvent
FNDA:0,_ZN15PlayerCharacter13keyPressEventEP9QKeyEvent
FN:111,_ZN15PlayerCharacter15keyReleaseEventEP9QKeyEvent
FNDA:0,_ZN15PlayerCharacter15keyReleaseEventEP9QKeyEvent
FN:133,_ZN15PlayerCharacter10aimAtPointE6QPoint
FNDA:0,_ZN15PlayerCharacter10aimAtPointE6QPoint
FN:167,_ZN15PlayerCharacter22updateShoudlerPositionEv
FNDA:0,_ZN15PlayerCharacter22updateShoudlerPositionEv
FN:179,_ZN15PlayerCharacter15shootProjectileEv
FNDA:1,_ZN15PlayerCharacter15shootProjectileEv
FN:210,_ZN15PlayerCharacter14increaseHealthEv
FNDA:2,_ZN15PlayerCharacter14increaseHealthEv
FN:218,_ZN15PlayerCharacter14decreaseHealthEv
FNDA:11,_ZN15PlayerCharacter14decreaseHealthEv
FN:230,_ZN15PlayerCharacter7advanceEi
FNDA:0,_ZN15PlayerCharacter7advanceEi
FN:241,_ZN15PlayerCharacter4jumpEv
FNDA:0,_ZN15PlayerCharacter4jumpEv
FN:263,_ZN15PlayerCharacter4walkEv
FNDA:0,_ZN15PlayerCharacter4walkEv
FN:283,_ZN15PlayerCharacter15detectCollisionEv
FNDA:0,_ZN15PlayerCharacter15detectCollisionEv
DA:16,22
DA:18,22
DA:20,22
DA:21,22
DA:22,22
DA:23,22
DA:25,22
DA:26,22
DA:27,22
DA:31,4
DA:33,15
DA:35,0
DA:37,0
DA:41,0
DA:43,0
DA:45,0
DA:48,0
DA:50,0
DA:51,0
DA:52,0
DA:53,0
DA:55,0
DA:57,0
DA:58,0
DA:59,0
DA:60,0
DA:62,0
DA:64,0
DA:66,0
DA:68,0
DA:70,0
DA:72,0
DA:73,0
DA:74,0
DA:75,0
DA:76,0
DA:77,0
DA:80,0
DA:82,0
DA:84,0
DA:86,0
DA:87,0
DA:89,0
DA:91,0
DA:93,0
DA:95,0
DA:96,0
DA:98,0
DA:100,0
DA:101,0
DA:102,0
DA:105,0
DA:107,0
DA:109,0
DA:111,0
DA:113,0
DA:115,0
DA:116,0
DA:117,0
DA:119,0
DA:122,0
DA:124,0
DA:125,0
DA:126,0
DA:128,0
DA:131,0
DA:133,0
DA:135,0
DA:137,0
DA:139,0
DA:140,0
DA:142,0
DA:144,0
DA:145,0
DA:146,0
DA:147,0
DA:149,0
DA:151,0
DA:155,0
DA:156,0
DA:157,0
DA:158,0
DA:160,0
DA:162,0
DA:165,0
DA:167,0
DA:169,0
DA:171,0
DA:173,0
DA:175,0
DA:177,0
DA:179,1
DA:181,1
DA:183,1
DA:185,1
DA:186,1
DA:187,1
DA:188,1
DA:190,1
DA:191,1
DA:192,1
DA:194,1
DA:196,1
DA:198,0
DA:199,0
DA:200,0
DA:202,1
DA:204,1
DA:205,1
DA:208,1
DA:210,2
DA:212,2
DA:214,1
DA:216,2
DA:218,11
DA:220,11
DA:222,10
DA:224,1
DA:226,1
DA:228,11
DA:230,0
DA:232,0
DA:233,0
DA:235,0
DA:237,0
DA:238,0
DA:239,0
DA:241,0
DA:243,0
DA:245,0
DA:247,0
DA:248,0
DA:251,0
DA:253,0
DA:254,0
DA:257,0
DA:258,0
DA:260,0
DA:261,0
DA:263,0
DA:266,0
DA:268,0
DA:270,0
DA:272,0
DA:275,0
DA:277,0
DA:278,0
DA:280,0
DA:281,0
DA:283,0
DA:285,0
DA:287,0
DA:289,0
DA:291,0
DA:293,0
DA:294,0
DA:296,0
DA:298,0
DA:299,0
DA:300,0
DA:302,0
DA:304,0
DA:305,0
DA:306,0
DA:307,0
DA:309,0
DA:311,0
DA:312,0
DA:314,0
DA:316,0
DA:318,0
DA:320,0
DA:321,0
DA:323,0
DA:325,0
DA:326,0
DA:328,0
DA:330,0
DA:331,0
DA:332,0
DA:334,0
DA:337,0
DA:338,0
DA:340,0
DA:343,0
DA:344,0
DA:345,0
DA:347,0
DA:348,0
DA:350,0
DA:352,0
DA:358,0
DA:360,0
end_of_record
SF:/usr/include/x86_64-linux-gnu/qt5/QtCore/qstring.h
FN:699,_ZN7QStringC2EPKc
FNDA:0,_ZN7QStringC2EPKc
FN:1135,_ZN7QStringD2Ev
FNDA:0,_ZN7QStringD2Ev
DA:699,0
DA:700,0
DA:701,0
DA:1135,0
end_of_record
SF:/usr/include/x86_64-linux-gnu/qt5/QtCore/qglobal.h
FN:911,_Z5qSwapIP15QTypedArrayDataI7QPointFEEvRT_S5_
FNDA:0,_Z5qSwapIP15QTypedArrayDataI7QPointFEEvRT_S5_
DA:911,0
DA:915,0
DA:916,0
end_of_record
SF:/usr/include/x86_64-linux-gnu/qt5/QtCore/qarraydata.h
FN:57,_ZN10QArrayData4dataEv
FNDA:0,_ZN10QArrayData4dataEv
FN:123,_ZN10QArrayData10sharedNullEv
FNDA:0,_ZN10QArrayData10sharedNullEv
FN:208,_ZN15QTypedArrayDataI7QPointFE4dataEv
FNDA:0,_ZN15QTypedArrayDataI7QPointFE4dataEv
FN:211,_ZN15QTypedArrayDataI7QPointFE5beginEPS0_
FNDA:0,_ZN15QTypedArrayDataI7QPointFE5beginEPS0_
FN:212,_ZN15QTypedArrayDataI7QPointFE3endEPS0_
FNDA:0,_ZN15QTypedArrayDataI7QPointFE3endEPS0_
FN:220,_ZN15QTypedArrayDataI7QPointFE8allocateEm6QFlagsIN10QArrayData16AllocationOptionEE
FNDA:0,_ZN15QTypedArrayDataI7QPointFE8allocateEm6QFlagsIN10QArrayData16AllocationOptionEE
FN:236,_ZN15QTypedArrayDataI7QPointFE10deallocateEP10QArrayData
FNDA:0,_ZN15QTypedArrayDataI7QPointFE10deallocateEP10QArrayData
FN:236,_ZN15QTypedArrayDataItE10deallocateEP10QArrayData
FNDA:0,_ZN15QTypedArrayDataItE10deallocateEP10QArrayData
FN:257,_ZN15QTypedArrayDataI7QPointFE10sharedNullEv
FNDA:22,_ZN15QTypedArrayDataI7QPointFE10sharedNullEv
FN:270,_ZN15QTypedArrayDataI7QPointFE15unsharableEmptyEv
FNDA:0,_ZN15QTypedArrayDataI7QPointFE15unsharableEmptyEv
DA:57,0
DA:59,0
DA:61,0
DA:123,0
DA:208,0
DA:211,0
DA:212,0
DA:220,0
DA:224,0
DA:225,0
DA:236,0
DA:239,0
DA:240,0
DA:236,0
DA:239,0
DA:240,0
DA:257,22
DA:260,22
DA:270,0
DA:273,0
end_of_record
SF:/usr/include/x86_64-linux-gnu/qt5/QtWidgets/qgraphicsscene.h
FN:131,_ZNK14QGraphicsScene5widthEv
FNDA:0,_ZNK14QGraphicsScene5widthEv
DA:131,0
end_of_record
SF:/usr/include/x86_64-linux-gnu/qt5/QtGui/qpolygon.h
FN:144,_ZN9QPolygonFC2Ev
FNDA:22,_ZN9QPolygonFC2Ev
FN:145,_ZN9QPolygonFD2Ev
FNDA:7,_ZN9QPolygonFD2Ev
FN:156,_ZN9QPolygonFaSEOS_
FNDA:0,_ZN9QPolygonFaSEOS_
FN:159,_ZN9QPolygonF4swapERS_
FNDA:0,_ZN9QPolygonF4swapERS_
DA:144,22
DA:145,7
DA:156,0
DA:159,0
end_of_record
SF:/usr/include/x86_64-linux-gnu/qt5/QtCore/qlist.h
FN:75,_ZN19QListSpecialMethodsIP13QGraphicsItemED2Ev
FNDA:0,_ZN19QListSpecialMethodsIP13QGraphicsItemED2Ev
FN:100,_ZN9QListData7disposeEv
FNDA:0,_ZN9QListData7disposeEv
FN:113,_ZNK9QListData4sizeEv
FNDA:0,_ZNK9QListData4sizeEv
FN:116,_ZNK9QListData5beginEv
FNDA:0,_ZNK9QListData5beginEv
FN:117,_ZNK9QListData3endEv
FNDA:0,_ZNK9QListData3endEv
FN:142,_ZN5QListIP13QGraphicsItemE4Node1tEv
FNDA:0,_ZN5QListIP13QGraphicsItemE4Node1tEv
FN:170,_ZNK5QListIP13QGraphicsItemE4sizeEv
FNDA:0,_ZNK5QListIP13QGraphicsItemE4sizeEv
FN:172,_ZN5QListIP13QGraphicsItemE6detachEv
FNDA:0,_ZN5QListIP13QGraphicsItemE6detachEv
FN:235,_ZN5QListIP13QGraphicsItemE8iteratorC2EPNS2_4NodeE
FNDA:0,_ZN5QListIP13QGraphicsItemE8iteratorC2EPNS2_4NodeE
FN:241,_ZNK5QListIP13QGraphicsItemE8iteratordeEv
FNDA:0,_ZNK5QListIP13QGraphicsItemE8iteratordeEv
FN:245,_ZNK5QListIP13QGraphicsItemE8iteratorneERKS3_
FNDA:0,_ZNK5QListIP13QGraphicsItemE8iteratorneERKS3_
FN:264,_ZN5QListIP13QGraphicsItemE8iteratorppEv
FNDA:0,_ZN5QListIP13QGraphicsItemE8iteratorppEv
FN:324,_ZN5QListIP13QGraphicsItemE5beginEv
FNDA:0,_ZN5QListIP13QGraphicsItemE5beginEv
FN:328,_ZN5QListIP13QGraphicsItemE3endEv
FNDA:0,_ZN5QListIP13QGraphicsItemE3endEv
FN:459,_ZN5QListIP13QGraphicsItemE9node_copyEPNS2_4NodeES4_S4_
FNDA:0,_ZN5QListIP13QGraphicsItemE9node_copyEPNS2_4NodeES4_S4_
FN:494,_ZN5QListIP13QGraphicsItemE13node_destructEPNS2_4NodeES4_
FNDA:0,_ZN5QListIP13QGraphicsItemE13node_destructEPNS2_4NodeES4_
FN:786,_ZN5QListIP13QGraphicsItemE13detach_helperEi
FNDA:0,_ZN5QListIP13QGraphicsItemE13detach_helperEi
FN:803,_ZN5QListIP13QGraphicsItemE13detach_helperEv
FNDA:0,_ZN5QListIP13QGraphicsItemE13detach_helperEv
FN:827,_ZN5QListIP13QGraphicsItemED2Ev
FNDA:0,_ZN5QListIP13QGraphicsItemED2Ev
FN:866,_ZN5QListIP13QGraphicsItemE7deallocEPN9QListData4DataE
FNDA:0,_ZN5QListIP13QGraphicsItemE7deallocEPN9QListData4DataE
DA:75,0
DA:100,0
DA:113,0
DA:116,0
DA:117,0
DA:142,0
DA:144,0
DA:170,0
DA:172,0
DA:235,0
DA:241,0
DA:245,0
DA:264,0
DA:324,0
DA:328,0
DA:459,0
DA:461,0
DA:488,0
DA:489,0
DA:491,0
DA:494,0
DA:500,0
DA:786,0
DA:788,0
DA:789,0
DA:791,0
DA:792,0
DA:793,0
DA:794,0
DA:795,0
DA:798,0
DA:799,0
DA:800,0
DA:803,0
DA:805,0
DA:806,0
DA:827,0
DA:829,0
DA:830,0
DA:831,0
DA:866,0
DA:868,0
DA:869,0
DA:870,0
DA:871,0
end_of_record
SF:/usr/include/c++/9/bits/move.h
FN:99,_ZSt4moveIR7QPointFEONSt16remove_referenceIT_E4typeEOS3_
FNDA:0,_ZSt4moveIR7QPointFEONSt16remove_referenceIT_E4typeEOS3_
FN:99,_ZSt4moveIRP15QTypedArrayDataI7QPointFEEONSt16remove_referenceIT_E4typeEOS6_
FNDA:0,_ZSt4moveIRP15QTypedArrayDataI7QPointFEEONSt16remove_referenceIT_E4typeEOS6_
FN:182,_ZSt4swapIP15QTypedArrayDataI7QPointFEENSt9enable_ifIXsrSt6__and_IJSt6__not_ISt15__is_tuple_likeIT_EESt21is_move_constructibleIS8_ESt18is_move_assignableIS8_EEE5valueEvE4typeERS8_SI_
FNDA:0,_ZSt4swapIP15QTypedArrayDataI7QPointFEENSt9enable_ifIXsrSt6__and_IJSt6__not_ISt15__is_tuple_likeIT_EESt21is_move_constructibleIS8_ESt18is_move_assignableIS8_EEE5valueEvE4typeERS8_SI_
DA:99,0
DA:100,0
DA:99,0
DA:100,0
DA:182,0
DA:193,0
DA:194,0
DA:195,0
DA:196,0
end_of_record
SF:/usr/include/x86_64-linux-gnu/qt5/QtGui/qevent.h
FN:350,_ZNK9QKeyEvent3keyEv
FNDA:0,_ZNK9QKeyEvent3keyEv
DA:350,0
end_of_record
SF:/usr/include/x86_64-linux-gnu/qt5/QtCore/qmath.h
FN:86,_Z4qSind
FNDA:1,_Z4qSind
FN:92,_Z4qCosd
FNDA:1,_Z4qCosd
FN:231,_Z17qDegreesToRadiansd
FNDA:2,_Z17qDegreesToRadiansd
DA:86,1
DA:89,1
DA:92,1
DA:95,1
DA:231,2
DA:233,2
end_of_record
SF:/usr/include/c++/9/bits/atomic_base.h
FN:99,_ZStanSt12memory_orderSt23__memory_order_modifier
FNDA:0,_ZStanSt12memory_orderSt23__memory_order_modifier
FN:326,_ZNSt13__atomic_baseIiEmmEv
FNDA:0,_ZNSt13__atomic_baseIiEmmEv
DA:99,0
DA:101,0
DA:326,0
DA:327,0
DA:415,0
DA:419,0
end_of_record
SF:/home/user/Desktop/VS projekat/2023_Analysis_timesweeper/06-timesweeper/timesweeper/Headers/PlayerCharacter.h
end_of_record
SF:/usr/include/x86_64-linux-gnu/qt5/QtCore/qvector.h
FN:69,_ZN7QVectorI7QPointFEC2Ev
FNDA:22,_ZN7QVectorI7QPointFEC2Ev
FN:73,_ZN7QVectorI7QPointFED2Ev
FNDA:7,_ZN7QVectorI7QPointFED2Ev
FN:80,_ZN7QVectorI7QPointFE4swapERS1_
FNDA:0,_ZN7QVectorI7QPointFE4swapERS1_
FN:106,_ZNK7QVectorI7QPointFE10isDetachedEv
FNDA:0,_ZNK7QVectorI7QPointFE10isDetachedEv
FN:127,_ZN7QVectorI7QPointFE4dataEv
FNDA:0,_ZN7QVectorI7QPointFE4dataEv
FN:324,_ZN7QVectorI7QPointFE16defaultConstructEPS0_S2_
FNDA:0,_ZN7QVectorI7QPointFE16defaultConstructEPS0_S2_
FN:347,_ZN7QVectorI7QPointFE8destructEPS0_S2_
FNDA:0,_ZN7QVectorI7QPointFE8destructEPS0_S2_
FN:382,_ZN7QVectorI7QPointFE6detachEv
FNDA:0,_ZN7QVectorI7QPointFE6detachEv
FN:436,_ZN7QVectorI7QPointFEixEi
FNDA:0,_ZN7QVectorI7QPointFEixEi
FN:540,_ZN7QVectorI7QPointFE8freeDataEP15QTypedArrayDataIS0_E
FNDA:0,_ZN7QVectorI7QPointFE8freeDataEP15QTypedArrayDataIS0_E
FN:552,_ZN7QVectorI7QPointFE11reallocDataEii6QFlagsIN10QArrayData16AllocationOptionEE
FNDA:0,_ZN7QVectorI7QPointFE11reallocDataEii6QFlagsIN10QArrayData16AllocationOptionEE
DA:69,22
DA:73,7
DA:80,0
DA:106,0
DA:127,0
DA:324,0
DA:327,0
DA:328,0
DA:333,0
DA:347,0
DA:350,0
DA:351,0
DA:354,0
DA:382,0
DA:384,0
DA:386,0
DA:387,0
DA:390,0
DA:392,0
DA:393,0
DA:436,0
DA:437,0
DA:438,0
DA:540,0
DA:542,0
DA:543,0
DA:544,0
DA:552,0
DA:554,0
DA:555,0
DA:557,0
DA:559,0
DA:560,0
DA:563,0
DA:564,0
DA:567,0
DA:569,0
DA:570,0
DA:572,0
DA:573,0
DA:574,0
DA:576,0
DA:578,0
DA:580,0
DA:581,0
DA:583,0
DA:584,0
DA:592,0
DA:593,0
DA:596,0
DA:597,0
DA:600,0
DA:606,0
DA:607,0
DA:608,0
DA:610,0
DA:611,0
DA:615,0
DA:616,0
DA:617,0
DA:619,0
DA:621,0
DA:622,0
DA:623,0
DA:624,0
DA:625,0
DA:627,0
DA:629,0
DA:632,0
DA:634,0
DA:635,0
DA:636,0
DA:639,0
DA:641,0
DA:644,0
DA:647,0
DA:648,0
DA:650,0
DA:652,0
DA:653,0
DA:654,0
DA:655,0
end_of_record
